<?xml version="1.0" encoding="UTF-8"?>
<testsuite xmlns:xsi="http://www.w3.org/2001/XMLSchema-instance" xsi:noNamespaceSchemaLocation="https://maven.apache.org/surefire/maven-surefire-plugin/xsd/surefire-test-report-3.0.xsd" version="3.0" name="com.example.tecnosserver.TecnosServerApplicationTests" time="3.466" tests="1" errors="0" skipped="0" failures="0">
  <properties>
[...]
</properties>
  <testcase name="contextLoads" classname="com.example.tecnosserver.TecnosServerApplicationTests" time="0.439">
    <system-out><![CDATA[23:35:31.181 [main] INFO org.springframework.test.context.support.AnnotationConfigContextLoaderUtils -- Could not detect default configuration classes for test class [com.example.tecnosserver.TecnosServerApplicationTests]: TecnosServerApplicationTests does not declare any static, non-private, non-final, nested classes annotated with @Configuration.
23:35:31.252 [main] INFO org.springframework.boot.test.context.SpringBootTestContextBootstrapper -- Found @SpringBootConfiguration com.example.tecnosserver.TecnosServerApplication for test class com.example.tecnosserver.TecnosServerApplicationTests

  .   ____          _            __ _ _
 /\\ / ___'_ __ _ _(_)_ __  __ _ \ \ \ \
( ( )\___ | '_ | '_| | '_ \/ _` | \ \ \ \
 \\/  ___)| |_)| | | | | || (_| |  ) ) ) )
  '  |____| .__|_| |_|_| |_\__, | / / / /
 =========|_|==============|___/=/_/_/_/

 :: Spring Boot ::                (v3.3.3)

2024-09-10T23:35:31.572+03:00  INFO 10756 --- [tecnos-server] [           main] c.e.t.TecnosServerApplicationTests       : Starting TecnosServerApplicationTests using Java 17.0.8 with PID 10756 (started by denis in C:\Users\denis\OneDrive\Desktop\tecnos-project\tecnos-server)
2024-09-10T23:35:31.573+03:00  INFO 10756 --- [tecnos-server] [           main] c.e.t.TecnosServerApplicationTests       : No active profile set, falling back to 1 default profile: "default"
2024-09-10T23:35:32.053+03:00  INFO 10756 --- [tecnos-server] [           main] .s.d.r.c.RepositoryConfigurationDelegate : Bootstrapping Spring Data JPA repositories in DEFAULT mode.
2024-09-10T23:35:32.069+03:00  INFO 10756 --- [tecnos-server] [           main] .s.d.r.c.RepositoryConfigurationDelegate : Finished Spring Data repository scanning in 9 ms. Found 0 JPA repository interfaces.
2024-09-10T23:35:32.421+03:00  INFO 10756 --- [tecnos-server] [           main] o.hibernate.jpa.internal.util.LogHelper  : HHH000204: Processing PersistenceUnitInfo [name: default]
2024-09-10T23:35:32.463+03:00  INFO 10756 --- [tecnos-server] [           main] org.hibernate.Version                    : HHH000412: Hibernate ORM core version 6.5.2.Final
2024-09-10T23:35:32.497+03:00  INFO 10756 --- [tecnos-server] [           main] o.h.c.internal.RegionFactoryInitiator    : HHH000026: Second-level cache disabled
2024-09-10T23:35:32.818+03:00  INFO 10756 --- [tecnos-server] [           main] o.s.o.j.p.SpringPersistenceUnitInfo      : No LoadTimeWeaver setup: ignoring JPA class transformer
2024-09-10T23:35:32.855+03:00  INFO 10756 --- [tecnos-server] [           main] com.zaxxer.hikari.HikariDataSource       : HikariPool-1 - Starting...
2024-09-10T23:35:32.965+03:00  INFO 10756 --- [tecnos-server] [           main] com.zaxxer.hikari.pool.HikariPool        : HikariPool-1 - Added connection com.mysql.cj.jdbc.ConnectionImpl@464ede1f
2024-09-10T23:35:32.967+03:00  INFO 10756 --- [tecnos-server] [           main] com.zaxxer.hikari.HikariDataSource       : HikariPool-1 - Start completed.
2024-09-10T23:35:32.996+03:00  WARN 10756 --- [tecnos-server] [           main] org.hibernate.orm.deprecation            : HHH90000025: MySQLDialect does not need to be specified explicitly using 'hibernate.dialect' (remove the property setting and it will be selected by default)
2024-09-10T23:35:33.202+03:00  INFO 10756 --- [tecnos-server] [           main] o.h.e.t.j.p.i.JtaPlatformInitiator       : HHH000489: No JTA platform available (set 'hibernate.transaction.jta.platform' to enable JTA platform integration)
2024-09-10T23:35:33.205+03:00  INFO 10756 --- [tecnos-server] [           main] j.LocalContainerEntityManagerFactoryBean : Initialized JPA EntityManagerFactory for persistence unit 'default'
2024-09-10T23:35:33.369+03:00  WARN 10756 --- [tecnos-server] [           main] JpaBaseConfiguration$JpaWebConfiguration : spring.jpa.open-in-view is enabled by default. Therefore, database queries may be performed during view rendering. Explicitly configure spring.jpa.open-in-view to disable this warning
2024-09-10T23:35:34.076+03:00  INFO 10756 --- [tecnos-server] [           main] c.e.t.TecnosServerApplicationTests       : Started TecnosServerApplicationTests in 2.713 seconds (process running for 3.381)
]]></system-out>
  </testcase>
</testsuite>