<?xml version="1.0" encoding="UTF-8"?>
<testsuite xmlns:xsi="http://www.w3.org/2001/XMLSchema-instance" xsi:noNamespaceSchemaLocation="https://maven.apache.org/surefire/maven-surefire-plugin/xsd/surefire-test-report-3.0.xsd" version="3.0" name="com.example.tecnosserver.TecnosServerApplicationTests" time="8.575" tests="1" errors="0" skipped="0" failures="0">
  <properties>
[...]
</properties>
  <testcase name="contextLoads" classname="com.example.tecnosserver.TecnosServerApplicationTests" time="0.336">
    <system-out><![CDATA[00:38:31.371 [main] INFO org.springframework.test.context.support.AnnotationConfigContextLoaderUtils -- Could not detect default configuration classes for test class [com.example.tecnosserver.TecnosServerApplicationTests]: TecnosServerApplicationTests does not declare any static, non-private, non-final, nested classes annotated with @Configuration.
00:38:31.452 [main] INFO org.springframework.boot.test.context.SpringBootTestContextBootstrapper -- Found @SpringBootConfiguration com.example.tecnosserver.TecnosServerApplication for test class com.example.tecnosserver.TecnosServerApplicationTests
00:38:32,084 |-WARN in net.logstash.logback.appender.LogstashTcpSocketAppender[LOGSTASH] - Log destination localhost/<unresolved>:3100: connection failed. java.net.ConnectException: Connection refused: no further information
	at java.net.ConnectException: Connection refused: no further information
	at 	at java.base/sun.nio.ch.Net.pollConnect(Native Method)
	at 	at java.base/sun.nio.ch.Net.pollConnectNow(Net.java:672)
	at 	at java.base/sun.nio.ch.NioSocketImpl.timedFinishConnect(NioSocketImpl.java:542)
	at 	at java.base/sun.nio.ch.NioSocketImpl.connect(NioSocketImpl.java:597)
	at 	at java.base/java.net.SocksSocketImpl.connect(SocksSocketImpl.java:327)
	at 	at java.base/java.net.Socket.connect(Socket.java:633)
	at 	at net.logstash.logback.appender.AbstractLogstashTcpSocketAppender$TcpSendingEventHandler.openSocket(AbstractLogstashTcpSocketAppender.java:765)
	at 	at net.logstash.logback.appender.AbstractLogstashTcpSocketAppender$TcpSendingEventHandler.onStart(AbstractLogstashTcpSocketAppender.java:691)
	at 	at net.logstash.logback.appender.AsyncDisruptorAppender$EventClearingEventHandler.onStart(AsyncDisruptorAppender.java:382)
	at 	at net.logstash.logback.encoder.com.lmax.disruptor.BatchEventProcessor.notifyStart(BatchEventProcessor.java:224)
	at 	at net.logstash.logback.encoder.com.lmax.disruptor.BatchEventProcessor.run(BatchEventProcessor.java:120)
	at 	at java.base/java.lang.Thread.run(Thread.java:833)
00:38:32,089 |-WARN in net.logstash.logback.appender.LogstashTcpSocketAppender[LOGSTASH] - Log destination localhost/<unresolved>:3100: Waiting 29989ms before attempting reconnection.

  .   ____          _            __ _ _
 /\\ / ___'_ __ _ _(_)_ __  __ _ \ \ \ \
( ( )\___ | '_ | '_| | '_ \/ _` | \ \ \ \
 \\/  ___)| |_)| | | | | || (_| |  ) ) ) )
  '  |____| .__|_| |_|_| |_\__, | / / / /
 =========|_|==============|___/=/_/_/_/
 :: Spring Boot ::                (v3.1.3)

{"timestamp":"2024-11-25 00:38:32","thread":"background-preinit","level":"DEBUG","logger":"org.jboss.logging","message":"Logging Provider: org.jboss.logging.Slf4jLoggerProvider found via system property","serviceName":"tecnos-service"}
{"timestamp":"2024-11-25 00:38:32","thread":"background-preinit","level":"INFO","logger":"org.hibernate.validator.internal.util.Version","message":"HV000001: Hibernate Validator 8.0.1.Final","serviceName":"tecnos-service"}
{"timestamp":"2024-11-25 00:38:32","thread":"background-preinit","level":"DEBUG","logger":"org.hibernate.validator.internal.xml.config.ValidationXmlParser","message":"Trying to load META-INF/validation.xml for XML based Validator configuration.","serviceName":"tecnos-service"}
{"timestamp":"2024-11-25 00:38:32","thread":"background-preinit","level":"DEBUG","logger":"org.hibernate.validator.internal.xml.config.ResourceLoaderHelper","message":"Trying to load META-INF/validation.xml via TCCL","serviceName":"tecnos-service"}
{"timestamp":"2024-11-25 00:38:32","thread":"background-preinit","level":"DEBUG","logger":"org.hibernate.validator.internal.xml.config.ResourceLoaderHelper","message":"Trying to load META-INF/validation.xml via Hibernate Validator's class loader","serviceName":"tecnos-service"}
{"timestamp":"2024-11-25 00:38:32","thread":"background-preinit","level":"DEBUG","logger":"org.hibernate.validator.internal.xml.config.ValidationXmlParser","message":"No META-INF/validation.xml found. Using annotation based configuration only.","serviceName":"tecnos-service"}
{"timestamp":"2024-11-25 00:38:32","thread":"background-preinit","level":"DEBUG","logger":"org.hibernate.validator.internal.engine.resolver.TraversableResolvers","message":"Found jakarta.persistence.Persistence on classpath containing 'getPersistenceUtil'. Assuming JPA 2 environment. Trying to instantiate JPA aware TraversableResolver","serviceName":"tecnos-service"}
{"timestamp":"2024-11-25 00:38:32","thread":"background-preinit","level":"DEBUG","logger":"org.hibernate.validator.internal.engine.resolver.TraversableResolvers","message":"Instantiated JPA aware TraversableResolver of type org.hibernate.validator.internal.engine.resolver.JPATraversableResolver.","serviceName":"tecnos-service"}
{"timestamp":"2024-11-25 00:38:32","thread":"main","level":"INFO","logger":"com.example.tecnosserver.TecnosServerApplicationTests","message":"Starting TecnosServerApplicationTests using Java 17.0.8 with PID 31748 (started by denis in C:\\Users\\denis\\OneDrive\\Desktop\\tecnos-project\\tecnos-server)","serviceName":"tecnos-service"}
{"timestamp":"2024-11-25 00:38:32","thread":"main","level":"DEBUG","logger":"com.example.tecnosserver.TecnosServerApplicationTests","message":"Running with Spring Boot v3.1.3, Spring v6.0.11","serviceName":"tecnos-service"}
{"timestamp":"2024-11-25 00:38:32","thread":"main","level":"INFO","logger":"com.example.tecnosserver.TecnosServerApplicationTests","message":"No active profile set, falling back to 1 default profile: \"default\"","serviceName":"tecnos-service"}
{"timestamp":"2024-11-25 00:38:32","thread":"main","level":"DEBUG","logger":"org.springframework.boot.SpringApplication","message":"Loading source class com.example.tecnosserver.TecnosServerApplication","serviceName":"tecnos-service"}
{"timestamp":"2024-11-25 00:38:32","thread":"background-preinit","level":"DEBUG","logger":"org.hibernate.validator.messageinterpolation.ResourceBundleMessageInterpolator","message":"Loaded expression factory via original TCCL","serviceName":"tecnos-service"}
{"timestamp":"2024-11-25 00:38:32","thread":"main","level":"DEBUG","logger":"org.springframework.web.context.support.GenericWebApplicationContext","message":"Refreshing org.springframework.web.context.support.GenericWebApplicationContext@75fa1be3","serviceName":"tecnos-service"}
{"timestamp":"2024-11-25 00:38:32","thread":"main","level":"DEBUG","logger":"org.springframework.beans.factory.support.DefaultListableBeanFactory","message":"Creating shared instance of singleton bean 'org.springframework.context.annotation.internalConfigurationAnnotationProcessor'","serviceName":"tecnos-service"}
{"timestamp":"2024-11-25 00:38:32","thread":"main","level":"DEBUG","logger":"org.springframework.beans.factory.support.DefaultListableBeanFactory","message":"Creating shared instance of singleton bean 'org.springframework.boot.autoconfigure.internalCachingMetadataReaderFactory'","serviceName":"tecnos-service"}
{"timestamp":"2024-11-25 00:38:32","thread":"main","level":"DEBUG","logger":"org.springframework.context.annotation.ClassPathBeanDefinitionScanner","message":"Ignored because not a concrete top-level class: file [C:\\Users\\denis\\OneDrive\\Desktop\\tecnos-project\\tecnos-server\\target\\classes\\com\\example\\tecnosserver\\category\\repo\\CategoryRepo.class]","serviceName":"tecnos-service"}
{"timestamp":"2024-11-25 00:38:32","thread":"main","level":"DEBUG","logger":"org.springframework.context.annotation.ClassPathBeanDefinitionScanner","message":"Identified candidate component class: file [C:\\Users\\denis\\OneDrive\\Desktop\\tecnos-project\\tecnos-server\\target\\classes\\com\\example\\tecnosserver\\category\\service\\CategoryCommandServiceImpl.class]","serviceName":"tecnos-service"}
{"timestamp":"2024-11-25 00:38:32","thread":"main","level":"DEBUG","logger":"org.springframework.context.annotation.ClassPathBeanDefinitionScanner","message":"Identified candidate component class: file [C:\\Users\\denis\\OneDrive\\Desktop\\tecnos-project\\tecnos-server\\target\\classes\\com\\example\\tecnosserver\\category\\service\\CategoryQueryServiceImpl.class]","serviceName":"tecnos-service"}
{"timestamp":"2024-11-25 00:38:32","thread":"background-preinit","level":"DEBUG","logger":"org.hibernate.validator.internal.engine.ValidatorFactoryConfigurationHelper","message":"HV000252: Using org.hibernate.validator.internal.engine.DefaultPropertyNodeNameProvider as property node name provider.","serviceName":"tecnos-service"}
{"timestamp":"2024-11-25 00:38:32","thread":"background-preinit","level":"DEBUG","logger":"org.hibernate.validator.internal.engine.ValidatorFactoryConfigurationHelper","message":"HV000234: Using org.hibernate.validator.messageinterpolation.ResourceBundleMessageInterpolator as ValidatorFactory-scoped message interpolator.","serviceName":"tecnos-service"}
{"timestamp":"2024-11-25 00:38:32","thread":"background-preinit","level":"DEBUG","logger":"org.hibernate.validator.internal.engine.ValidatorFactoryConfigurationHelper","message":"HV000234: Using org.hibernate.validator.internal.engine.resolver.JPATraversableResolver as ValidatorFactory-scoped traversable resolver.","serviceName":"tecnos-service"}
{"timestamp":"2024-11-25 00:38:32","thread":"background-preinit","level":"DEBUG","logger":"org.hibernate.validator.internal.engine.ValidatorFactoryConfigurationHelper","message":"HV000234: Using org.hibernate.validator.internal.util.ExecutableParameterNameProvider as ValidatorFactory-scoped parameter name provider.","serviceName":"tecnos-service"}
{"timestamp":"2024-11-25 00:38:32","thread":"background-preinit","level":"DEBUG","logger":"org.hibernate.validator.internal.engine.ValidatorFactoryConfigurationHelper","message":"HV000234: Using org.hibernate.validator.internal.engine.DefaultClockProvider as ValidatorFactory-scoped clock provider.","serviceName":"tecnos-service"}
{"timestamp":"2024-11-25 00:38:32","thread":"background-preinit","level":"DEBUG","logger":"org.hibernate.validator.internal.engine.ValidatorFactoryConfigurationHelper","message":"HV000234: Using org.hibernate.validator.internal.engine.scripting.DefaultScriptEvaluatorFactory as ValidatorFactory-scoped script evaluator factory.","serviceName":"tecnos-service"}
{"timestamp":"2024-11-25 00:38:32","thread":"main","level":"DEBUG","logger":"org.springframework.context.annotation.ClassPathBeanDefinitionScanner","message":"Identified candidate component class: file [C:\\Users\\denis\\OneDrive\\Desktop\\tecnos-project\\tecnos-server\\target\\classes\\com\\example\\tecnosserver\\category\\web\\CategoryControllerApi.class]","serviceName":"tecnos-service"}
{"timestamp":"2024-11-25 00:38:32","thread":"main","level":"DEBUG","logger":"org.springframework.context.annotation.ClassPathBeanDefinitionScanner","message":"Identified candidate component class: file [C:\\Users\\denis\\OneDrive\\Desktop\\tecnos-project\\tecnos-server\\target\\classes\\com\\example\\tecnosserver\\exceptions\\model\\GlobalExceptionHandler.class]","serviceName":"tecnos-service"}
{"timestamp":"2024-11-25 00:38:32","thread":"main","level":"DEBUG","logger":"org.springframework.context.annotation.ClassPathBeanDefinitionScanner","message":"Identified candidate component class: file [C:\\Users\\denis\\OneDrive\\Desktop\\tecnos-project\\tecnos-server\\target\\classes\\com\\example\\tecnosserver\\intercom\\CloudAdapter.class]","serviceName":"tecnos-service"}
{"timestamp":"2024-11-25 00:38:32","thread":"main","level":"DEBUG","logger":"org.springframework.context.annotation.ClassPathBeanDefinitionScanner","message":"Ignored because not a concrete top-level class: file [C:\\Users\\denis\\OneDrive\\Desktop\\tecnos-project\\tecnos-server\\target\\classes\\com\\example\\tecnosserver\\itemcategory\\repo\\ItemCategoryRepo.class]","serviceName":"tecnos-service"}
{"timestamp":"2024-11-25 00:38:32","thread":"main","level":"DEBUG","logger":"org.springframework.context.annotation.ClassPathBeanDefinitionScanner","message":"Identified candidate component class: file [C:\\Users\\denis\\OneDrive\\Desktop\\tecnos-project\\tecnos-server\\target\\classes\\com\\example\\tecnosserver\\itemcategory\\service\\ItemCategoryCommandServiceImpl.class]","serviceName":"tecnos-service"}
{"timestamp":"2024-11-25 00:38:32","thread":"main","level":"DEBUG","logger":"org.springframework.context.annotation.ClassPathBeanDefinitionScanner","message":"Identified candidate component class: file [C:\\Users\\denis\\OneDrive\\Desktop\\tecnos-project\\tecnos-server\\target\\classes\\com\\example\\tecnosserver\\itemcategory\\service\\ItemCategoryQueryServiceImpl.class]","serviceName":"tecnos-service"}
{"timestamp":"2024-11-25 00:38:32","thread":"main","level":"DEBUG","logger":"org.springframework.context.annotation.ClassPathBeanDefinitionScanner","message":"Identified candidate component class: file [C:\\Users\\denis\\OneDrive\\Desktop\\tecnos-project\\tecnos-server\\target\\classes\\com\\example\\tecnosserver\\itemcategory\\web\\ItemCategoryControllerApi.class]","serviceName":"tecnos-service"}
{"timestamp":"2024-11-25 00:38:32","thread":"main","level":"DEBUG","logger":"org.springframework.context.annotation.ClassPathBeanDefinitionScanner","message":"Identified candidate component class: file [C:\\Users\\denis\\OneDrive\\Desktop\\tecnos-project\\tecnos-server\\target\\classes\\com\\example\\tecnosserver\\products\\mappers\\ProductMapper.class]","serviceName":"tecnos-service"}
{"timestamp":"2024-11-25 00:38:32","thread":"main","level":"DEBUG","logger":"org.springframework.context.annotation.ClassPathBeanDefinitionScanner","message":"Ignored because not a concrete top-level class: file [C:\\Users\\denis\\OneDrive\\Desktop\\tecnos-project\\tecnos-server\\target\\classes\\com\\example\\tecnosserver\\products\\repo\\ProductRepo.class]","serviceName":"tecnos-service"}
{"timestamp":"2024-11-25 00:38:32","thread":"main","level":"DEBUG","logger":"org.springframework.context.annotation.ClassPathBeanDefinitionScanner","message":"Identified candidate component class: file [C:\\Users\\denis\\OneDrive\\Desktop\\tecnos-project\\tecnos-server\\target\\classes\\com\\example\\tecnosserver\\products\\service\\ProductCommandServiceImpl.class]","serviceName":"tecnos-service"}
{"timestamp":"2024-11-25 00:38:32","thread":"main","level":"DEBUG","logger":"org.springframework.context.annotation.ClassPathBeanDefinitionScanner","message":"Identified candidate component class: file [C:\\Users\\denis\\OneDrive\\Desktop\\tecnos-project\\tecnos-server\\target\\classes\\com\\example\\tecnosserver\\products\\service\\ProductQueryServiceImpl.class]","serviceName":"tecnos-service"}
{"timestamp":"2024-11-25 00:38:32","thread":"main","level":"DEBUG","logger":"org.springframework.context.annotation.ClassPathBeanDefinitionScanner","message":"Identified candidate component class: file [C:\\Users\\denis\\OneDrive\\Desktop\\tecnos-project\\tecnos-server\\target\\classes\\com\\example\\tecnosserver\\products\\web\\ProductControllerApi.class]","serviceName":"tecnos-service"}
{"timestamp":"2024-11-25 00:38:32","thread":"main","level":"DEBUG","logger":"org.springframework.context.annotation.ClassPathBeanDefinitionScanner","message":"Ignored because not a concrete top-level class: file [C:\\Users\\denis\\OneDrive\\Desktop\\tecnos-project\\tecnos-server\\target\\classes\\com\\example\\tecnosserver\\subcategory\\repo\\SubCategoryRepo.class]","serviceName":"tecnos-service"}
{"timestamp":"2024-11-25 00:38:32","thread":"main","level":"DEBUG","logger":"org.springframework.context.annotation.ClassPathBeanDefinitionScanner","message":"Identified candidate component class: file [C:\\Users\\denis\\OneDrive\\Desktop\\tecnos-project\\tecnos-server\\target\\classes\\com\\example\\tecnosserver\\subcategory\\service\\SubCategoryCommandServiceImpl.class]","serviceName":"tecnos-service"}
{"timestamp":"2024-11-25 00:38:32","thread":"main","level":"DEBUG","logger":"org.springframework.context.annotation.ClassPathBeanDefinitionScanner","message":"Identified candidate component class: file [C:\\Users\\denis\\OneDrive\\Desktop\\tecnos-project\\tecnos-server\\target\\classes\\com\\example\\tecnosserver\\subcategory\\service\\SubCategoryQueryServiceImpl.class]","serviceName":"tecnos-service"}
{"timestamp":"2024-11-25 00:38:32","thread":"main","level":"DEBUG","logger":"org.springframework.context.annotation.ClassPathBeanDefinitionScanner","message":"Identified candidate component class: file [C:\\Users\\denis\\OneDrive\\Desktop\\tecnos-project\\tecnos-server\\target\\classes\\com\\example\\tecnosserver\\subcategory\\web\\SubCategoryControllerApi.class]","serviceName":"tecnos-service"}
{"timestamp":"2024-11-25 00:38:32","thread":"main","level":"DEBUG","logger":"org.springframework.context.annotation.ClassPathBeanDefinitionScanner","message":"Identified candidate component class: file [C:\\Users\\denis\\OneDrive\\Desktop\\tecnos-project\\tecnos-server\\target\\classes\\com\\example\\tecnosserver\\system\\jwt\\AuthenticationFailureListener.class]","serviceName":"tecnos-service"}
{"timestamp":"2024-11-25 00:38:32","thread":"main","level":"DEBUG","logger":"org.springframework.context.annotation.ClassPathBeanDefinitionScanner","message":"Identified candidate component class: file [C:\\Users\\denis\\OneDrive\\Desktop\\tecnos-project\\tecnos-server\\target\\classes\\com\\example\\tecnosserver\\system\\jwt\\AuthenticationSuccessListener.class]","serviceName":"tecnos-service"}
{"timestamp":"2024-11-25 00:38:32","thread":"main","level":"DEBUG","logger":"org.springframework.context.annotation.ClassPathBeanDefinitionScanner","message":"Identified candidate component class: file [C:\\Users\\denis\\OneDrive\\Desktop\\tecnos-project\\tecnos-server\\target\\classes\\com\\example\\tecnosserver\\system\\jwt\\JWTAccessDeniedHandler.class]","serviceName":"tecnos-service"}
{"timestamp":"2024-11-25 00:38:32","thread":"main","level":"DEBUG","logger":"org.springframework.context.annotation.ClassPathBeanDefinitionScanner","message":"Identified candidate component class: file [C:\\Users\\denis\\OneDrive\\Desktop\\tecnos-project\\tecnos-server\\target\\classes\\com\\example\\tecnosserver\\system\\jwt\\JWTAuthenticationEntryPoint.class]","serviceName":"tecnos-service"}
{"timestamp":"2024-11-25 00:38:32","thread":"main","level":"DEBUG","logger":"org.springframework.context.annotation.ClassPathBeanDefinitionScanner","message":"Identified candidate component class: file [C:\\Users\\denis\\OneDrive\\Desktop\\tecnos-project\\tecnos-server\\target\\classes\\com\\example\\tecnosserver\\system\\jwt\\JWTAuthorizationFilter.class]","serviceName":"tecnos-service"}
{"timestamp":"2024-11-25 00:38:32","thread":"main","level":"DEBUG","logger":"org.springframework.context.annotation.ClassPathBeanDefinitionScanner","message":"Identified candidate component class: file [C:\\Users\\denis\\OneDrive\\Desktop\\tecnos-project\\tecnos-server\\target\\classes\\com\\example\\tecnosserver\\system\\jwt\\JWTTokenProvider.class]","serviceName":"tecnos-service"}
{"timestamp":"2024-11-25 00:38:32","thread":"main","level":"DEBUG","logger":"org.springframework.context.annotation.ClassPathBeanDefinitionScanner","message":"Identified candidate component class: file [C:\\Users\\denis\\OneDrive\\Desktop\\tecnos-project\\tecnos-server\\target\\classes\\com\\example\\tecnosserver\\system\\security\\SecurityConfiguration.class]","serviceName":"tecnos-service"}
{"timestamp":"2024-11-25 00:38:32","thread":"main","level":"DEBUG","logger":"org.springframework.context.annotation.ClassPathBeanDefinitionScanner","message":"Identified candidate component class: file [C:\\Users\\denis\\OneDrive\\Desktop\\tecnos-project\\tecnos-server\\target\\classes\\com\\example\\tecnosserver\\system\\security\\UserDetailsImpl.class]","serviceName":"tecnos-service"}
{"timestamp":"2024-11-25 00:38:32","thread":"main","level":"DEBUG","logger":"org.springframework.context.annotation.ClassPathBeanDefinitionScanner","message":"Identified candidate component class: file [C:\\Users\\denis\\OneDrive\\Desktop\\tecnos-project\\tecnos-server\\target\\classes\\com\\example\\tecnosserver\\user\\dto\\LoginAttemptService.class]","serviceName":"tecnos-service"}
{"timestamp":"2024-11-25 00:38:32","thread":"main","level":"DEBUG","logger":"org.springframework.context.annotation.ClassPathBeanDefinitionScanner","message":"Ignored because not a concrete top-level class: file [C:\\Users\\denis\\OneDrive\\Desktop\\tecnos-project\\tecnos-server\\target\\classes\\com\\example\\tecnosserver\\user\\repo\\UserRepo.class]","serviceName":"tecnos-service"}
{"timestamp":"2024-11-25 00:38:32","thread":"main","level":"DEBUG","logger":"org.springframework.context.annotation.ClassPathBeanDefinitionScanner","message":"Ignored because not a concrete top-level class: file [C:\\Users\\denis\\OneDrive\\Desktop\\tecnos-project\\tecnos-server\\target\\classes\\com\\example\\tecnosserver\\user\\service\\UserCommandService.class]","serviceName":"tecnos-service"}
{"timestamp":"2024-11-25 00:38:32","thread":"main","level":"DEBUG","logger":"org.springframework.context.annotation.ClassPathBeanDefinitionScanner","message":"Identified candidate component class: file [C:\\Users\\denis\\OneDrive\\Desktop\\tecnos-project\\tecnos-server\\target\\classes\\com\\example\\tecnosserver\\user\\service\\UserCommandServiceImpl.class]","serviceName":"tecnos-service"}
{"timestamp":"2024-11-25 00:38:32","thread":"main","level":"DEBUG","logger":"org.springframework.context.annotation.ClassPathBeanDefinitionScanner","message":"Ignored because not a concrete top-level class: file [C:\\Users\\denis\\OneDrive\\Desktop\\tecnos-project\\tecnos-server\\target\\classes\\com\\example\\tecnosserver\\user\\service\\UserQueryService.class]","serviceName":"tecnos-service"}
{"timestamp":"2024-11-25 00:38:32","thread":"main","level":"DEBUG","logger":"org.springframework.context.annotation.ClassPathBeanDefinitionScanner","message":"Identified candidate component class: file [C:\\Users\\denis\\OneDrive\\Desktop\\tecnos-project\\tecnos-server\\target\\classes\\com\\example\\tecnosserver\\user\\service\\UserQueryServiceImpl.class]","serviceName":"tecnos-service"}
{"timestamp":"2024-11-25 00:38:32","thread":"main","level":"DEBUG","logger":"org.springframework.context.annotation.ClassPathBeanDefinitionScanner","message":"Identified candidate component class: file [C:\\Users\\denis\\OneDrive\\Desktop\\tecnos-project\\tecnos-server\\target\\classes\\com\\example\\tecnosserver\\user\\web\\UserControllerServer.class]","serviceName":"tecnos-service"}
{"timestamp":"2024-11-25 00:38:32","thread":"main","level":"DEBUG","logger":"org.springframework.cloud.openfeign.FeignClientsRegistrar$1","message":"Identified candidate component class: file [C:\\Users\\denis\\OneDrive\\Desktop\\tecnos-project\\tecnos-server\\target\\classes\\com\\example\\tecnosserver\\intercom\\CloudService.class]","serviceName":"tecnos-service"}
{"timestamp":"2024-11-25 00:38:33","thread":"main","level":"INFO","logger":"org.springframework.data.repository.config.RepositoryConfigurationDelegate","message":"Bootstrapping Spring Data JPA repositories in DEFAULT mode.","serviceName":"tecnos-service"}
{"timestamp":"2024-11-25 00:38:33","thread":"main","level":"DEBUG","logger":"org.springframework.beans.factory.support.DefaultListableBeanFactory","message":"Creating shared instance of singleton bean 'org.springframework.boot.autoconfigure.AutoConfigurationPackages'","serviceName":"tecnos-service"}
{"timestamp":"2024-11-25 00:38:33","thread":"main","level":"DEBUG","logger":"org.springframework.boot.autoconfigure.AutoConfigurationPackages","message":"@EnableAutoConfiguration was declared on a class in the package 'com.example.tecnosserver'. Automatic @Repository and @Entity scanning is enabled.","serviceName":"tecnos-service"}
{"timestamp":"2024-11-25 00:38:33","thread":"main","level":"DEBUG","logger":"org.springframework.data.repository.config.RepositoryConfigurationDelegate","message":"Scanning for JPA repositories in packages com.example.tecnosserver.","serviceName":"tecnos-service"}
{"timestamp":"2024-11-25 00:38:33","thread":"main","level":"DEBUG","logger":"org.springframework.data.repository.config.RepositoryComponentProvider","message":"Identified candidate component class: file [C:\\Users\\denis\\OneDrive\\Desktop\\tecnos-project\\tecnos-server\\target\\classes\\com\\example\\tecnosserver\\category\\repo\\CategoryRepo.class]","serviceName":"tecnos-service"}
{"timestamp":"2024-11-25 00:38:33","thread":"main","level":"DEBUG","logger":"org.springframework.data.repository.config.RepositoryComponentProvider","message":"Identified candidate component class: file [C:\\Users\\denis\\OneDrive\\Desktop\\tecnos-project\\tecnos-server\\target\\classes\\com\\example\\tecnosserver\\itemcategory\\repo\\ItemCategoryRepo.class]","serviceName":"tecnos-service"}
{"timestamp":"2024-11-25 00:38:33","thread":"main","level":"DEBUG","logger":"org.springframework.data.repository.config.RepositoryComponentProvider","message":"Identified candidate component class: file [C:\\Users\\denis\\OneDrive\\Desktop\\tecnos-project\\tecnos-server\\target\\classes\\com\\example\\tecnosserver\\products\\repo\\ProductRepo.class]","serviceName":"tecnos-service"}
{"timestamp":"2024-11-25 00:38:33","thread":"main","level":"DEBUG","logger":"org.springframework.data.repository.config.RepositoryComponentProvider","message":"Identified candidate component class: file [C:\\Users\\denis\\OneDrive\\Desktop\\tecnos-project\\tecnos-server\\target\\classes\\com\\example\\tecnosserver\\subcategory\\repo\\SubCategoryRepo.class]","serviceName":"tecnos-service"}
{"timestamp":"2024-11-25 00:38:33","thread":"main","level":"DEBUG","logger":"org.springframework.data.repository.config.RepositoryComponentProvider","message":"Identified candidate component class: file [C:\\Users\\denis\\OneDrive\\Desktop\\tecnos-project\\tecnos-server\\target\\classes\\com\\example\\tecnosserver\\user\\repo\\UserRepo.class]","serviceName":"tecnos-service"}
{"timestamp":"2024-11-25 00:38:33","thread":"main","level":"DEBUG","logger":"org.springframework.context.annotation.ClassPathScanningCandidateComponentProvider","message":"Identified candidate component class: file [C:\\Users\\denis\\OneDrive\\Desktop\\tecnos-project\\tecnos-server\\target\\classes\\com\\example\\tecnosserver\\category\\model\\Category$CategoryBuilderImpl.class]","serviceName":"tecnos-service"}
{"timestamp":"2024-11-25 00:38:33","thread":"main","level":"DEBUG","logger":"org.springframework.context.annotation.ClassPathScanningCandidateComponentProvider","message":"Identified candidate component class: file [C:\\Users\\denis\\OneDrive\\Desktop\\tecnos-project\\tecnos-server\\target\\classes\\com\\example\\tecnosserver\\category\\service\\CategoryCommandServiceImpl.class]","serviceName":"tecnos-service"}
{"timestamp":"2024-11-25 00:38:33","thread":"main","level":"DEBUG","logger":"org.springframework.context.annotation.ClassPathScanningCandidateComponentProvider","message":"Identified candidate component class: file [C:\\Users\\denis\\OneDrive\\Desktop\\tecnos-project\\tecnos-server\\target\\classes\\com\\example\\tecnosserver\\category\\service\\CategoryQueryServiceImpl.class]","serviceName":"tecnos-service"}
{"timestamp":"2024-11-25 00:38:33","thread":"main","level":"DEBUG","logger":"org.springframework.context.annotation.ClassPathScanningCandidateComponentProvider","message":"Identified candidate component class: file [C:\\Users\\denis\\OneDrive\\Desktop\\tecnos-project\\tecnos-server\\target\\classes\\com\\example\\tecnosserver\\itemcategory\\model\\ItemCategory$ItemCategoryBuilderImpl.class]","serviceName":"tecnos-service"}
{"timestamp":"2024-11-25 00:38:33","thread":"main","level":"DEBUG","logger":"org.springframework.context.annotation.ClassPathScanningCandidateComponentProvider","message":"Identified candidate component class: file [C:\\Users\\denis\\OneDrive\\Desktop\\tecnos-project\\tecnos-server\\target\\classes\\com\\example\\tecnosserver\\itemcategory\\service\\ItemCategoryCommandServiceImpl.class]","serviceName":"tecnos-service"}
{"timestamp":"2024-11-25 00:38:33","thread":"main","level":"DEBUG","logger":"org.springframework.context.annotation.ClassPathScanningCandidateComponentProvider","message":"Identified candidate component class: file [C:\\Users\\denis\\OneDrive\\Desktop\\tecnos-project\\tecnos-server\\target\\classes\\com\\example\\tecnosserver\\itemcategory\\service\\ItemCategoryQueryServiceImpl.class]","serviceName":"tecnos-service"}
{"timestamp":"2024-11-25 00:38:33","thread":"main","level":"DEBUG","logger":"org.springframework.context.annotation.ClassPathScanningCandidateComponentProvider","message":"Identified candidate component class: file [C:\\Users\\denis\\OneDrive\\Desktop\\tecnos-project\\tecnos-server\\target\\classes\\com\\example\\tecnosserver\\products\\model\\Product$ProductBuilderImpl.class]","serviceName":"tecnos-service"}
{"timestamp":"2024-11-25 00:38:33","thread":"main","level":"DEBUG","logger":"org.springframework.context.annotation.ClassPathScanningCandidateComponentProvider","message":"Identified candidate component class: file [C:\\Users\\denis\\OneDrive\\Desktop\\tecnos-project\\tecnos-server\\target\\classes\\com\\example\\tecnosserver\\products\\service\\ProductCommandServiceImpl.class]","serviceName":"tecnos-service"}
{"timestamp":"2024-11-25 00:38:33","thread":"main","level":"DEBUG","logger":"org.springframework.context.annotation.ClassPathScanningCandidateComponentProvider","message":"Identified candidate component class: file [C:\\Users\\denis\\OneDrive\\Desktop\\tecnos-project\\tecnos-server\\target\\classes\\com\\example\\tecnosserver\\products\\service\\ProductQueryServiceImpl.class]","serviceName":"tecnos-service"}
{"timestamp":"2024-11-25 00:38:33","thread":"main","level":"DEBUG","logger":"org.springframework.context.annotation.ClassPathScanningCandidateComponentProvider","message":"Identified candidate component class: file [C:\\Users\\denis\\OneDrive\\Desktop\\tecnos-project\\tecnos-server\\target\\classes\\com\\example\\tecnosserver\\subcategory\\model\\SubCategory$SubCategoryBuilderImpl.class]","serviceName":"tecnos-service"}
{"timestamp":"2024-11-25 00:38:33","thread":"main","level":"DEBUG","logger":"org.springframework.context.annotation.ClassPathScanningCandidateComponentProvider","message":"Identified candidate component class: file [C:\\Users\\denis\\OneDrive\\Desktop\\tecnos-project\\tecnos-server\\target\\classes\\com\\example\\tecnosserver\\subcategory\\service\\SubCategoryCommandServiceImpl.class]","serviceName":"tecnos-service"}
{"timestamp":"2024-11-25 00:38:33","thread":"main","level":"DEBUG","logger":"org.springframework.context.annotation.ClassPathScanningCandidateComponentProvider","message":"Identified candidate component class: file [C:\\Users\\denis\\OneDrive\\Desktop\\tecnos-project\\tecnos-server\\target\\classes\\com\\example\\tecnosserver\\subcategory\\service\\SubCategoryQueryServiceImpl.class]","serviceName":"tecnos-service"}
{"timestamp":"2024-11-25 00:38:33","thread":"main","level":"DEBUG","logger":"org.springframework.context.annotation.ClassPathScanningCandidateComponentProvider","message":"Identified candidate component class: file [C:\\Users\\denis\\OneDrive\\Desktop\\tecnos-project\\tecnos-server\\target\\classes\\com\\example\\tecnosserver\\system\\security\\UserDetailsImpl.class]","serviceName":"tecnos-service"}
{"timestamp":"2024-11-25 00:38:33","thread":"main","level":"DEBUG","logger":"org.springframework.context.annotation.ClassPathScanningCandidateComponentProvider","message":"Identified candidate component class: file [C:\\Users\\denis\\OneDrive\\Desktop\\tecnos-project\\tecnos-server\\target\\classes\\com\\example\\tecnosserver\\user\\model\\User$UserBuilderImpl.class]","serviceName":"tecnos-service"}
{"timestamp":"2024-11-25 00:38:33","thread":"main","level":"DEBUG","logger":"org.springframework.context.annotation.ClassPathScanningCandidateComponentProvider","message":"Identified candidate component class: file [C:\\Users\\denis\\OneDrive\\Desktop\\tecnos-project\\tecnos-server\\target\\classes\\com\\example\\tecnosserver\\user\\service\\UserCommandServiceImpl.class]","serviceName":"tecnos-service"}
{"timestamp":"2024-11-25 00:38:33","thread":"main","level":"DEBUG","logger":"org.springframework.context.annotation.ClassPathScanningCandidateComponentProvider","message":"Identified candidate component class: file [C:\\Users\\denis\\OneDrive\\Desktop\\tecnos-project\\tecnos-server\\target\\classes\\com\\example\\tecnosserver\\user\\service\\UserQueryServiceImpl.class]","serviceName":"tecnos-service"}
{"timestamp":"2024-11-25 00:38:33","thread":"main","level":"INFO","logger":"org.springframework.data.repository.config.RepositoryConfigurationDelegate","message":"Finished Spring Data repository scanning in 64 ms. Found 5 JPA repository interfaces.","serviceName":"tecnos-service"}
{"timestamp":"2024-11-25 00:38:33","thread":"main","level":"DEBUG","logger":"org.springframework.beans.factory.support.DefaultListableBeanFactory","message":"Creating shared instance of singleton bean 'org.springframework.boot.test.autoconfigure.actuate.observability.ObservabilityContextCustomizerFactory$NoopTracerRegistrar'","serviceName":"tecnos-service"}
{"timestamp":"2024-11-25 00:38:33","thread":"main","level":"DEBUG","logger":"org.springframework.beans.factory.support.DefaultListableBeanFactory","message":"Creating shared instance of singleton bean 'refreshScope'","serviceName":"tecnos-service"}
{"timestamp":"2024-11-25 00:38:33","thread":"main","level":"DEBUG","logger":"org.springframework.beans.factory.support.DefaultListableBeanFactory","message":"Creating shared instance of singleton bean 'org.springframework.cloud.autoconfigure.RefreshAutoConfiguration$RefreshScopeBeanDefinitionEnhancer'","serviceName":"tecnos-service"}
{"timestamp":"2024-11-25 00:38:33","thread":"main","level":"DEBUG","logger":"org.springframework.cloud.context.scope.GenericScope","message":"Generating bean factory id from names: [JWTAccessDeniedHandler, JWTAuthenticationEntryPoint, JWTAuthorizationFilter, JWTTokenProvider, additionalModelsConverter, applicationAvailability, applicationTaskExecutor, authenticationEventPublisher, authenticationFailureListener, authenticationManager, authenticationManagerBuilder, authenticationSuccessListener, bCryptPasswordEncoder, basicErrorController, beanNameHandlerMapping, beanNameViewResolver, categoryCommandServiceImpl, categoryControllerApi, categoryQueryServiceImpl, categoryRepo, characterEncodingFilter, classLoaderMetrics, cloudAdapter, com.example.tecnosserver.intercom.CloudService, compositeCompatibilityVerifier, compositeDiscoveryClient, configDataContextRefresher, configurationPropertiesBeans, configurationPropertiesRebinder, controllerEndpointDiscoverer, controllerEndpointHandlerMapping, controllerExposeExcludePropertyEndpointFilter, conventionErrorViewResolver, conversionServicePostProcessor, corsFilter, data-jpa.repository-aot-processor#0, dataSource, dataSourcePoolMetadataMeterBinder, dataSourceScriptDatabaseInitializer, dbHealthContributor, default.com.example.tecnosserver.TecnosServerApplication.FeignClientSpecification, defaultMeterObservationHandler, defaultServletHandlerMapping, defaultValidator, defaultViewResolver, defaultsBindHandlerAdvisor, delegatingApplicationListener, delegatingMethodParameterCustomizer, discoveryClientHealthIndicator, discoveryCompositeHealthContributor, diskSpaceHealthIndicator, diskSpaceMetrics, dispatcherServlet, dispatcherServletRegistration, emBeanDefinitionRegistrarPostProcessor, enableGlobalAuthenticationAutowiredConfigurer, endpointCachingOperationInvokerAdvisor, endpointMediaTypes, endpointObjectMapper, endpointObjectMapperWebMvcConfigurer, endpointOperationParameterMapper, entityManagerFactory, entityManagerFactoryBuilder, environmentManager, error, errorAttributes, errorPageCustomizer, errorPageRegistrarBeanPostProcessor, feignChildContextInitializer, feignClientBeanFactoryInitializationCodeGenerator, feignContext, feignFeature, feignTargeter, fileDescriptorMetrics, fileSupportConverter, filterChain, flashMapManager, formContentFilter, genericReturnTypeParser, globalExceptionHandler, handlerExceptionResolver, handlerFunctionAdapter, healthContributorRegistry, healthEndpoint, healthEndpointGroupMembershipValidator, healthEndpointGroups, healthEndpointGroupsBeanPostProcessor, healthEndpointWebExtension, healthEndpointWebMvcHandlerMapping, healthHttpCodeStatusMapper, healthStatusAggregator, hikariDataSourceMeterBinder, hikariPoolDataSourceMetadataProvider, httpRequestHandlerAdapter, indexPageTransformer, inetUtils, inetUtilsProperties, initializeAuthenticationProviderBeanManagerConfigurer, initializeUserDetailsBeanManagerConfigurer, itemCategoryCommandServiceImpl, itemCategoryControllerApi, itemCategoryQueryServiceImpl, itemCategoryRepo, jacksonGeoModule, jacksonObjectMapper, jacksonObjectMapperBuilder, jdbcConnectionDetails, jdbcConnectionDetailsHikariBeanPostProcessor, jdbcTemplate, jpa.CategoryRepo.fragments#0, jpa.ItemCategoryRepo.fragments#0, jpa.ProductRepo.fragments#0, jpa.SubCategoryRepo.fragments#0, jpa.UserRepo.fragments#0, jpa.named-queries#0, jpa.named-queries#1, jpa.named-queries#2, jpa.named-queries#3, jpa.named-queries#4, jpaContext, jpaMappingContext, jpaSharedEM_entityManagerFactory, jpaVendorAdapter, jsonComponentModule, jsonMixinModule, jsonMixinModuleEntries, jvmCompilationMetrics, jvmGcMetrics, jvmHeapPressureMetrics, jvmInfoMetrics, jvmMemoryMetrics, jvmThreadMetrics, lifecycleProcessor, loadBalancerClientsDefaultsMappingsProvider, localSpringDocParameterNameDiscoverer, localeCharsetMappingsCustomizer, localeResolver, logbackMetrics, loggingRebinder, loginAttemptService, management.endpoint.health-org.springframework.boot.actuate.autoconfigure.health.HealthEndpointProperties, management.endpoints.web-org.springframework.boot.actuate.autoconfigure.endpoint.web.WebEndpointProperties, management.endpoints.web.cors-org.springframework.boot.actuate.autoconfigure.endpoint.web.CorsEndpointProperties, management.health.db-org.springframework.boot.actuate.autoconfigure.jdbc.DataSourceHealthIndicatorProperties, management.health.diskspace-org.springframework.boot.actuate.autoconfigure.system.DiskSpaceHealthIndicatorProperties, management.info-org.springframework.boot.actuate.autoconfigure.info.InfoContributorProperties, management.metrics-org.springframework.boot.actuate.autoconfigure.metrics.MetricsProperties, management.observations-org.springframework.boot.actuate.autoconfigure.observation.ObservationProperties, management.server-org.springframework.boot.actuate.autoconfigure.web.server.ManagementServerProperties, management.simple.metrics.export-org.springframework.boot.actuate.autoconfigure.metrics.export.simple.SimpleProperties, managementServletContext, mappingJackson2HttpMessageConverter, messageConverters, meterRegistryPostProcessor, methodValidationPostProcessor, metricsAndTracingObservationHandlerGrouping, metricsHttpClientUriTagFilter, metricsHttpServerUriTagFilter, metricsRepositoryMethodInvocationListener, metricsRepositoryMethodInvocationListenerBeanPostProcessor, micrometerClock, modelConverterRegistrar, multipartConfigElement, multipartResolver, mvcContentNegotiationManager, mvcConversionService, mvcHandlerMappingIntrospector, mvcPathMatcher, mvcPatternParser, mvcResourceUrlProvider, mvcUriComponentsContributor, mvcUrlPathHelper, mvcValidator, mvcViewResolver, namedParameterJdbcTemplate, noopTracer, objectMapperProvider, objectPostProcessor, observationRegistry, observationRegistryPostProcessor, observationRestTemplateCustomizer, openAPIBuilder, openApiResource, openEntityManagerInViewInterceptor, openEntityManagerInViewInterceptorConfigurer, operationBuilder, org.springdoc.core.configuration.SpringDocConfiguration, org.springdoc.core.configuration.SpringDocConfiguration$OpenApiResourceAdvice, org.springdoc.core.configuration.SpringDocConfiguration$SpringDocSpringDataWebPropertiesProvider, org.springdoc.core.configuration.SpringDocConfiguration$WebConversionServiceConfiguration, org.springdoc.core.configuration.SpringDocPageableConfiguration, org.springdoc.core.configuration.SpringDocSecurityConfiguration, org.springdoc.core.configuration.SpringDocSecurityConfiguration$SpringSecurityLoginEndpointConfiguration, org.springdoc.core.configuration.SpringDocSortConfiguration, org.springdoc.core.configuration.SpringDocUIConfiguration, org.springdoc.core.properties.SpringDocConfigProperties, org.springdoc.core.properties.SwaggerUiConfigParameters, org.springdoc.core.properties.SwaggerUiConfigProperties, org.springdoc.core.properties.SwaggerUiOAuthProperties, org.springdoc.webmvc.core.configuration.SpringDocWebMvcConfiguration, org.springdoc.webmvc.core.configuration.SpringDocWebMvcConfiguration$SpringDocWebMvcActuatorConfiguration, org.springdoc.webmvc.core.configuration.SpringDocWebMvcConfiguration$SpringDocWebMvcRouterConfiguration, org.springdoc.webmvc.ui.SwaggerConfig, org.springframework.aop.config.internalAutoProxyCreator, org.springframework.boot.actuate.autoconfigure.availability.AvailabilityHealthContributorAutoConfiguration, org.springframework.boot.actuate.autoconfigure.endpoint.EndpointAutoConfiguration, org.springframework.boot.actuate.autoconfigure.endpoint.jackson.JacksonEndpointAutoConfiguration, org.springframework.boot.actuate.autoconfigure.endpoint.web.ServletEndpointManagementContextConfiguration, org.springframework.boot.actuate.autoconfigure.endpoint.web.ServletEndpointManagementContextConfiguration$WebMvcServletEndpointManagementContextConfiguration, org.springframework.boot.actuate.autoconfigure.endpoint.web.WebEndpointAutoConfiguration, org.springframework.boot.actuate.autoconfigure.endpoint.web.WebEndpointAutoConfiguration$WebEndpointServletConfiguration, org.springframework.boot.actuate.autoconfigure.endpoint.web.servlet.WebMvcEndpointManagementContextConfiguration, org.springframework.boot.actuate.autoconfigure.health.HealthContributorAutoConfiguration, org.springframework.boot.actuate.autoconfigure.health.HealthEndpointAutoConfiguration, org.springframework.boot.actuate.autoconfigure.health.HealthEndpointConfiguration, org.springframework.boot.actuate.autoconfigure.health.HealthEndpointWebExtensionConfiguration, org.springframework.boot.actuate.autoconfigure.health.HealthEndpointWebExtensionConfiguration$MvcAdditionalHealthEndpointPathsConfiguration, org.springframework.boot.actuate.autoconfigure.info.InfoContributorAutoConfiguration, org.springframework.boot.actuate.autoconfigure.jdbc.DataSourceHealthContributorAutoConfiguration, org.springframework.boot.actuate.autoconfigure.metrics.CompositeMeterRegistryAutoConfiguration, org.springframework.boot.actuate.autoconfigure.metrics.JvmMetricsAutoConfiguration, org.springframework.boot.actuate.autoconfigure.metrics.LogbackMetricsAutoConfiguration, org.springframework.boot.actuate.autoconfigure.metrics.MetricsAutoConfiguration, org.springframework.boot.actuate.autoconfigure.metrics.SystemMetricsAutoConfiguration, org.springframework.boot.actuate.autoconfigure.metrics.data.RepositoryMetricsAutoConfiguration, org.springframework.boot.actuate.autoconfigure.metrics.export.simple.SimpleMetricsExportAutoConfiguration, org.springframework.boot.actuate.autoconfigure.metrics.integration.IntegrationMetricsAutoConfiguration, org.springframework.boot.actuate.autoconfigure.metrics.jdbc.DataSourcePoolMetricsAutoConfiguration, org.springframework.boot.actuate.autoconfigure.metrics.jdbc.DataSourcePoolMetricsAutoConfiguration$DataSourcePoolMetadataMetricsConfiguration, org.springframework.boot.actuate.autoconfigure.metrics.jdbc.DataSourcePoolMetricsAutoConfiguration$HikariDataSourceMetricsConfiguration, org.springframework.boot.actuate.autoconfigure.metrics.startup.StartupTimeMetricsListenerAutoConfiguration, org.springframework.boot.actuate.autoconfigure.metrics.task.TaskExecutorMetricsAutoConfiguration, org.springframework.boot.actuate.autoconfigure.metrics.web.tomcat.TomcatMetricsAutoConfiguration, org.springframework.boot.actuate.autoconfigure.observation.ObservationAutoConfiguration, org.springframework.boot.actuate.autoconfigure.observation.ObservationAutoConfiguration$MeterObservationHandlerConfiguration, org.springframework.boot.actuate.autoconfigure.observation.ObservationAutoConfiguration$MeterObservationHandlerConfiguration$OnlyMetricsMeterObservationHandlerConfiguration, org.springframework.boot.actuate.autoconfigure.observation.ObservationAutoConfiguration$MetricsWithTracingConfiguration, org.springframework.boot.actuate.autoconfigure.observation.web.client.HttpClientObservationsAutoConfiguration, org.springframework.boot.actuate.autoconfigure.observation.web.client.HttpClientObservationsAutoConfiguration$MeterFilterConfiguration, org.springframework.boot.actuate.autoconfigure.observation.web.client.RestTemplateObservationConfiguration, org.springframework.boot.actuate.autoconfigure.observation.web.servlet.WebMvcObservationAutoConfiguration, org.springframework.boot.actuate.autoconfigure.observation.web.servlet.WebMvcObservationAutoConfiguration$MeterFilterConfiguration, org.springframework.boot.actuate.autoconfigure.security.servlet.SecurityRequestMatchersManagementContextConfiguration, org.springframework.boot.actuate.autoconfigure.security.servlet.SecurityRequestMatchersManagementContextConfiguration$MvcRequestMatcherConfiguration, org.springframework.boot.actuate.autoconfigure.system.DiskSpaceHealthContributorAutoConfiguration, org.springframework.boot.actuate.autoconfigure.web.server.ManagementContextAutoConfiguration, org.springframework.boot.actuate.autoconfigure.web.server.ManagementContextAutoConfiguration$SameManagementContextConfiguration, org.springframework.boot.actuate.autoconfigure.web.server.ManagementContextAutoConfiguration$SameManagementContextConfiguration$EnableSameManagementContextConfiguration, org.springframework.boot.actuate.autoconfigure.web.servlet.ServletManagementContextAutoConfiguration, org.springframework.boot.autoconfigure.AutoConfigurationPackages, org.springframework.boot.autoconfigure.aop.AopAutoConfiguration, org.springframework.boot.autoconfigure.aop.AopAutoConfiguration$AspectJAutoProxyingConfiguration, org.springframework.boot.autoconfigure.aop.AopAutoConfiguration$AspectJAutoProxyingConfiguration$CglibAutoProxyConfiguration, org.springframework.boot.autoconfigure.availability.ApplicationAvailabilityAutoConfiguration, org.springframework.boot.autoconfigure.context.ConfigurationPropertiesAutoConfiguration, org.springframework.boot.autoconfigure.context.LifecycleAutoConfiguration, org.springframework.boot.autoconfigure.context.PropertyPlaceholderAutoConfiguration, org.springframework.boot.autoconfigure.dao.PersistenceExceptionTranslationAutoConfiguration, org.springframework.boot.autoconfigure.data.jpa.JpaRepositoriesAutoConfiguration, org.springframework.boot.autoconfigure.data.web.SpringDataWebAutoConfiguration, org.springframework.boot.autoconfigure.http.HttpMessageConvertersAutoConfiguration, org.springframework.boot.autoconfigure.http.HttpMessageConvertersAutoConfiguration$StringHttpMessageConverterConfiguration, org.springframework.boot.autoconfigure.http.JacksonHttpMessageConvertersConfiguration, org.springframework.boot.autoconfigure.http.JacksonHttpMessageConvertersConfiguration$MappingJackson2HttpMessageConverterConfiguration, org.springframework.boot.autoconfigure.info.ProjectInfoAutoConfiguration, org.springframework.boot.autoconfigure.internalCachingMetadataReaderFactory, org.springframework.boot.autoconfigure.jackson.JacksonAutoConfiguration, org.springframework.boot.autoconfigure.jackson.JacksonAutoConfiguration$Jackson2ObjectMapperBuilderCustomizerConfiguration, org.springframework.boot.autoconfigure.jackson.JacksonAutoConfiguration$JacksonMixinConfiguration, org.springframework.boot.autoconfigure.jackson.JacksonAutoConfiguration$JacksonObjectMapperBuilderConfiguration, org.springframework.boot.autoconfigure.jackson.JacksonAutoConfiguration$JacksonObjectMapperConfiguration, org.springframework.boot.autoconfigure.jackson.JacksonAutoConfiguration$ParameterNamesModuleConfiguration, org.springframework.boot.autoconfigure.jdbc.DataSourceAutoConfiguration, org.springframework.boot.autoconfigure.jdbc.DataSourceAutoConfiguration$PooledDataSourceConfiguration, org.springframework.boot.autoconfigure.jdbc.DataSourceConfiguration$Hikari, org.springframework.boot.autoconfigure.jdbc.DataSourceTransactionManagerAutoConfiguration, org.springframework.boot.autoconfigure.jdbc.DataSourceTransactionManagerAutoConfiguration$JdbcTransactionManagerConfiguration, org.springframework.boot.autoconfigure.jdbc.JdbcTemplateAutoConfiguration, org.springframework.boot.autoconfigure.jdbc.JdbcTemplateConfiguration, org.springframework.boot.autoconfigure.jdbc.NamedParameterJdbcTemplateConfiguration, org.springframework.boot.autoconfigure.jdbc.metadata.DataSourcePoolMetadataProvidersConfiguration, org.springframework.boot.autoconfigure.jdbc.metadata.DataSourcePoolMetadataProvidersConfiguration$HikariPoolDataSourceMetadataProviderConfiguration, org.springframework.boot.autoconfigure.orm.jpa.HibernateJpaAutoConfiguration, org.springframework.boot.autoconfigure.orm.jpa.HibernateJpaConfiguration, org.springframework.boot.autoconfigure.orm.jpa.JpaBaseConfiguration$JpaWebConfiguration, org.springframework.boot.autoconfigure.orm.jpa.JpaBaseConfiguration$PersistenceManagedTypesConfiguration, org.springframework.boot.autoconfigure.security.servlet.SecurityAutoConfiguration, org.springframework.boot.autoconfigure.security.servlet.SecurityFilterAutoConfiguration, org.springframework.boot.autoconfigure.security.servlet.SpringBootWebSecurityConfiguration, org.springframework.boot.autoconfigure.sql.init.DataSourceInitializationConfiguration, org.springframework.boot.autoconfigure.sql.init.SqlInitializationAutoConfiguration, org.springframework.boot.autoconfigure.ssl.SslAutoConfiguration, org.springframework.boot.autoconfigure.task.TaskExecutionAutoConfiguration, org.springframework.boot.autoconfigure.task.TaskSchedulingAutoConfiguration, org.springframework.boot.autoconfigure.transaction.TransactionAutoConfiguration, org.springframework.boot.autoconfigure.transaction.TransactionAutoConfiguration$EnableTransactionManagementConfiguration, org.springframework.boot.autoconfigure.transaction.TransactionAutoConfiguration$EnableTransactionManagementConfiguration$CglibAutoProxyConfiguration, org.springframework.boot.autoconfigure.transaction.TransactionAutoConfiguration$TransactionTemplateConfiguration, org.springframework.boot.autoconfigure.transaction.jta.JtaAutoConfiguration, org.springframework.boot.autoconfigure.validation.ValidationAutoConfiguration, org.springframework.boot.autoconfigure.web.client.RestTemplateAutoConfiguration, org.springframework.boot.autoconfigure.web.servlet.DispatcherServletAutoConfiguration, org.springframework.boot.autoconfigure.web.servlet.DispatcherServletAutoConfiguration$DispatcherServletConfiguration, org.springframework.boot.autoconfigure.web.servlet.DispatcherServletAutoConfiguration$DispatcherServletRegistrationConfiguration, org.springframework.boot.autoconfigure.web.servlet.HttpEncodingAutoConfiguration, org.springframework.boot.autoconfigure.web.servlet.MultipartAutoConfiguration, org.springframework.boot.autoconfigure.web.servlet.ServletWebServerFactoryAutoConfiguration, org.springframework.boot.autoconfigure.web.servlet.ServletWebServerFactoryConfiguration$EmbeddedTomcat, org.springframework.boot.autoconfigure.web.servlet.WebMvcAutoConfiguration, org.springframework.boot.autoconfigure.web.servlet.WebMvcAutoConfiguration$EnableWebMvcConfiguration, org.springframework.boot.autoconfigure.web.servlet.WebMvcAutoConfiguration$WebMvcAutoConfigurationAdapter, org.springframework.boot.autoconfigure.web.servlet.error.ErrorMvcAutoConfiguration, org.springframework.boot.autoconfigure.web.servlet.error.ErrorMvcAutoConfiguration$DefaultErrorViewResolverConfiguration, org.springframework.boot.autoconfigure.web.servlet.error.ErrorMvcAutoConfiguration$WhitelabelErrorViewConfiguration, org.springframework.boot.autoconfigure.websocket.servlet.WebSocketServletAutoConfiguration, org.springframework.boot.autoconfigure.websocket.servlet.WebSocketServletAutoConfiguration$TomcatWebSocketConfiguration, org.springframework.boot.context.internalConfigurationPropertiesBinder, org.springframework.boot.context.properties.BoundConfigurationProperties, org.springframework.boot.context.properties.ConfigurationPropertiesBindingPostProcessor, org.springframework.boot.context.properties.EnableConfigurationPropertiesRegistrar.methodValidationExcludeFilter, org.springframework.boot.sql.init.dependency.DatabaseInitializationDependencyConfigurer$DependsOnDatabaseInitializationPostProcessor, org.springframework.boot.test.autoconfigure.actuate.observability.ObservabilityContextCustomizerFactory$NoopTracerRegistrar, org.springframework.boot.test.mock.mockito.MockitoPostProcessor, org.springframework.boot.test.mock.mockito.MockitoPostProcessor$SpyPostProcessor, org.springframework.cloud.autoconfigure.ConfigurationPropertiesRebinderAutoConfiguration, org.springframework.cloud.autoconfigure.LifecycleMvcEndpointAutoConfiguration, org.springframework.cloud.autoconfigure.PauseResumeEndpointsConfiguration, org.springframework.cloud.autoconfigure.RefreshAutoConfiguration, org.springframework.cloud.autoconfigure.RefreshAutoConfiguration$RefreshScopeBeanDefinitionEnhancer, org.springframework.cloud.autoconfigure.RefreshEndpointAutoConfiguration, org.springframework.cloud.autoconfigure.RefreshEndpointAutoConfiguration$RefreshEndpointConfiguration, org.springframework.cloud.autoconfigure.RestartEndpointWithoutIntegrationConfiguration, org.springframework.cloud.client.CommonsClientAutoConfiguration, org.springframework.cloud.client.CommonsClientAutoConfiguration$ActuatorConfiguration, org.springframework.cloud.client.CommonsClientAutoConfiguration$DiscoveryLoadBalancerConfiguration, org.springframework.cloud.client.ReactiveCommonsClientAutoConfiguration, org.springframework.cloud.client.discovery.composite.CompositeDiscoveryClientAutoConfiguration, org.springframework.cloud.client.discovery.simple.SimpleDiscoveryClientAutoConfiguration, org.springframework.cloud.client.loadbalancer.LoadBalancerDefaultMappingsProviderAutoConfiguration, org.springframework.cloud.client.serviceregistry.AutoServiceRegistrationAutoConfiguration, org.springframework.cloud.client.serviceregistry.AutoServiceRegistrationConfiguration, org.springframework.cloud.client.serviceregistry.ServiceRegistryAutoConfiguration, org.springframework.cloud.commons.config.CommonsConfigAutoConfiguration, org.springframework.cloud.commons.security.ResourceServerTokenRelayAutoConfiguration, org.springframework.cloud.commons.security.ResourceServerTokenRelayAutoConfiguration$ResourceServerTokenRelayRegistrationAutoConfiguration, org.springframework.cloud.commons.util.UtilAutoConfiguration, org.springframework.cloud.configuration.CompatibilityVerifierAutoConfiguration, org.springframework.cloud.openfeign.FeignAutoConfiguration, org.springframework.cloud.openfeign.FeignAutoConfiguration$DefaultFeignTargeterConfiguration, org.springframework.cloud.openfeign.FeignAutoConfiguration$FeignJacksonConfiguration, org.springframework.context.annotation.internalAutowiredAnnotationProcessor, org.springframework.context.annotation.internalCommonAnnotationProcessor, org.springframework.context.annotation.internalConfigurationAnnotationProcessor, org.springframework.context.annotation.internalPersistenceAnnotationProcessor, org.springframework.context.event.internalEventListenerFactory, org.springframework.context.event.internalEventListenerProcessor, org.springframework.data.jpa.repository.support.JpaEvaluationContextExtension, org.springframework.data.jpa.util.JpaMetamodelCacheCleanup, org.springframework.data.web.config.ProjectingArgumentResolverRegistrar, org.springframework.data.web.config.SpringDataJacksonConfiguration, org.springframework.data.web.config.SpringDataWebConfiguration, org.springframework.security.config.annotation.authentication.configuration.AuthenticationConfiguration, org.springframework.security.config.annotation.configuration.ObjectPostProcessorConfiguration, org.springframework.security.config.annotation.method.configuration.PrePostMethodSecurityConfiguration, org.springframework.security.config.annotation.web.configuration.HttpSecurityConfiguration, org.springframework.security.config.annotation.web.configuration.HttpSecurityConfiguration.httpSecurity, org.springframework.security.config.annotation.web.configuration.WebMvcSecurityConfiguration, org.springframework.security.config.annotation.web.configuration.WebSecurityConfiguration, org.springframework.transaction.annotation.ProxyTransactionManagementConfiguration, org.springframework.transaction.config.internalTransactionAdvisor, org.springframework.transaction.config.internalTransactionalEventListenerFactory, pageJacksonModule, pageableCustomizer, pageableOpenAPIConverter, pageableResolver, parameterBuilder, parameterNamesModule, pathMappedEndpoints, persistenceExceptionTranslationPostProcessor, persistenceManagedTypes, pingHealthContributor, platformTransactionManagerCustomizers, polymorphicModelConverter, postAuthorizeAuthorizationAdvisor, postAuthorizeAuthorizationMethodInterceptor, postFilterAuthorizationAdvisor, postFilterAuthorizationMethodInterceptor, preAuthorizeAuthorizationAdvisor, preAuthorizeAuthorizationMethodInterceptor, preFilterAuthorizationAdvisor, preFilterAuthorizationMethodInterceptor, preserveErrorControllerTargetClassPostProcessor, privilegeEvaluator, processorMetrics, productCommandServiceImpl, productControllerApi, productMapper, productQueryServiceImpl, productRepo, projectingArgumentResolverBeanPostProcessor, propertiesMeterFilter, propertyResolverUtils, propertySourcesPlaceholderConfigurer, refreshEventListener, refreshScope, refreshScopeHealthIndicator, repositoryTagsProvider, requestBodyBuilder, requestBuilder, requestContextFilter, requestDataValueProcessor, requestMappingHandlerAdapter, requestMappingHandlerMapping, requestMatcherProvider, resourceHandlerMapping, responseBuilder, responseSupportConverter, restTemplateBuilder, restTemplateBuilderConfigurer, routerFunctionMapping, routerFunctionProvider, schemaPropertyDeprecatingConverter, securityConfiguration, securityFilterChainRegistration, securityParser, server-org.springframework.boot.autoconfigure.web.ServerProperties, servletEndpointDiscoverer, servletEndpointRegistrar, servletExposeExcludePropertyEndpointFilter, servletWebChildContextFactory, servletWebServerFactoryCustomizer, simpleConfig, simpleControllerHandlerAdapter, simpleDiscoveryClient, simpleDiscoveryProperties, simpleMeterRegistry, sleuthPresentVerifier, sortCustomizer, sortModule, sortOpenAPIConverter, sortResolver, spring.cloud.compatibility-verifier-org.springframework.cloud.configuration.CompatibilityVerifierProperties, spring.cloud.discovery.client.health-indicator-org.springframework.cloud.client.discovery.health.DiscoveryClientHealthIndicatorProperties, spring.cloud.openfeign.client-org.springframework.cloud.openfeign.FeignClientProperties, spring.cloud.openfeign.encoder-org.springframework.cloud.openfeign.support.FeignEncoderProperties, spring.cloud.openfeign.httpclient-org.springframework.cloud.openfeign.support.FeignHttpClientProperties, spring.cloud.refresh-org.springframework.cloud.autoconfigure.RefreshAutoConfiguration$RefreshProperties, spring.cloud.service-registry.auto-registration-org.springframework.cloud.client.serviceregistry.AutoServiceRegistrationProperties, spring.data.web-org.springframework.boot.autoconfigure.data.web.SpringDataWebProperties, spring.datasource-org.springframework.boot.autoconfigure.jdbc.DataSourceProperties, spring.info-org.springframework.boot.autoconfigure.info.ProjectInfoProperties, spring.jackson-org.springframework.boot.autoconfigure.jackson.JacksonProperties, spring.jdbc-org.springframework.boot.autoconfigure.jdbc.JdbcProperties, spring.jpa-org.springframework.boot.autoconfigure.orm.jpa.JpaProperties, spring.jpa.hibernate-org.springframework.boot.autoconfigure.orm.jpa.HibernateProperties, spring.lifecycle-org.springframework.boot.autoconfigure.context.LifecycleProperties, spring.mvc-org.springframework.boot.autoconfigure.web.servlet.WebMvcProperties, spring.security-org.springframework.boot.autoconfigure.security.SecurityProperties, spring.servlet.multipart-org.springframework.boot.autoconfigure.web.servlet.MultipartProperties, spring.sql.init-org.springframework.boot.autoconfigure.sql.init.SqlInitializationProperties, spring.ssl-org.springframework.boot.autoconfigure.ssl.SslProperties, spring.task.execution-org.springframework.boot.autoconfigure.task.TaskExecutionProperties, spring.task.scheduling-org.springframework.boot.autoconfigure.task.TaskSchedulingProperties, spring.transaction-org.springframework.boot.autoconfigure.transaction.TransactionProperties, spring.web-org.springframework.boot.autoconfigure.web.WebProperties, springBootVersionVerifier, springCloudCommonsFeatures, springDataWebPropertiesProvider, springDocCustomizers, springDocProviders, springSecurityFilterChain, springWebProvider, sslBundleRegistry, sslPropertiesSslBundleRegistrar, standardJacksonObjectMapperBuilderCustomizer, startupTimeMetrics, stringHttpMessageConverter, subCategoryCommandServiceImpl, subCategoryControllerApi, subCategoryQueryServiceImpl, subCategoryRepo, swaggerConfigResource, swaggerResourceResolver, swaggerWebMvcConfigurer, swaggerWelcome, taskExecutorBuilder, taskSchedulerBuilder, tecnos-cloud.FeignClientSpecification, tecnosServerApplication, themeResolver, tomcatMetricsBinder, tomcatServletWebServerFactory, tomcatServletWebServerFactoryCustomizer, transactionAttributeSource, transactionInterceptor, transactionManager, transactionTemplate, uptimeMetrics, userCommandServiceImpl, userControllerServer, userDetailsImpl, userQueryServiceImpl, userRepo, viewControllerHandlerMapping, viewNameTranslator, viewResolver, webConversionServiceProvider, webEndpointDiscoverer, webEndpointPathMapper, webEndpointServletHandlerMapping, webExposeExcludePropertyEndpointFilter, webMvcObservationFilter, webSecurityExpressionHandler, webServerFactoryCustomizerBeanPostProcessor, websocketServletWebServerCustomizer, welcomePageHandlerMapping, welcomePageNotAcceptableHandlerMapping]","serviceName":"tecnos-service"}
{"timestamp":"2024-11-25 00:38:33","thread":"main","level":"INFO","logger":"org.springframework.cloud.context.scope.GenericScope","message":"BeanFactory id=b0ede260-24a3-36c0-9bd2-62d70412fa67","serviceName":"tecnos-service"}
{"timestamp":"2024-11-25 00:38:33","thread":"main","level":"DEBUG","logger":"org.springframework.beans.factory.support.DefaultListableBeanFactory","message":"Creating shared instance of singleton bean 'propertySourcesPlaceholderConfigurer'","serviceName":"tecnos-service"}
{"timestamp":"2024-11-25 00:38:33","thread":"main","level":"DEBUG","logger":"org.springframework.beans.factory.support.DefaultListableBeanFactory","message":"Creating shared instance of singleton bean 'org.springframework.boot.test.mock.mockito.MockitoPostProcessor'","serviceName":"tecnos-service"}
{"timestamp":"2024-11-25 00:38:33","thread":"main","level":"DEBUG","logger":"org.springframework.beans.factory.support.DefaultListableBeanFactory","message":"Creating shared instance of singleton bean 'emBeanDefinitionRegistrarPostProcessor'","serviceName":"tecnos-service"}
{"timestamp":"2024-11-25 00:38:33","thread":"main","level":"DEBUG","logger":"org.springframework.beans.factory.support.DefaultListableBeanFactory","message":"Creating shared instance of singleton bean 'org.springframework.boot.sql.init.dependency.DatabaseInitializationDependencyConfigurer$DependsOnDatabaseInitializationPostProcessor'","serviceName":"tecnos-service"}
{"timestamp":"2024-11-25 00:38:33","thread":"main","level":"DEBUG","logger":"org.springframework.beans.factory.support.DefaultListableBeanFactory","message":"Creating shared instance of singleton bean 'org.springframework.context.event.internalEventListenerProcessor'","serviceName":"tecnos-service"}
{"timestamp":"2024-11-25 00:38:33","thread":"main","level":"DEBUG","logger":"org.springframework.beans.factory.support.DefaultListableBeanFactory","message":"Creating shared instance of singleton bean 'conversionServicePostProcessor'","serviceName":"tecnos-service"}
{"timestamp":"2024-11-25 00:38:33","thread":"main","level":"DEBUG","logger":"org.springframework.beans.factory.support.DefaultListableBeanFactory","message":"Creating shared instance of singleton bean 'preserveErrorControllerTargetClassPostProcessor'","serviceName":"tecnos-service"}
{"timestamp":"2024-11-25 00:38:33","thread":"main","level":"DEBUG","logger":"org.springframework.beans.factory.support.DefaultListableBeanFactory","message":"Creating shared instance of singleton bean 'org.springframework.context.event.internalEventListenerFactory'","serviceName":"tecnos-service"}
{"timestamp":"2024-11-25 00:38:33","thread":"main","level":"DEBUG","logger":"org.springframework.beans.factory.support.DefaultListableBeanFactory","message":"Creating shared instance of singleton bean 'org.springframework.transaction.config.internalTransactionalEventListenerFactory'","serviceName":"tecnos-service"}
{"timestamp":"2024-11-25 00:38:33","thread":"main","level":"DEBUG","logger":"org.springframework.beans.factory.support.DefaultListableBeanFactory","message":"Creating shared instance of singleton bean 'org.springframework.boot.test.mock.mockito.MockitoPostProcessor$SpyPostProcessor'","serviceName":"tecnos-service"}
{"timestamp":"2024-11-25 00:38:33","thread":"main","level":"DEBUG","logger":"org.springframework.beans.factory.support.DefaultListableBeanFactory","message":"Creating shared instance of singleton bean 'org.springframework.context.annotation.internalAutowiredAnnotationProcessor'","serviceName":"tecnos-service"}
{"timestamp":"2024-11-25 00:38:33","thread":"main","level":"DEBUG","logger":"org.springframework.beans.factory.support.DefaultListableBeanFactory","message":"Creating shared instance of singleton bean 'org.springframework.context.annotation.internalCommonAnnotationProcessor'","serviceName":"tecnos-service"}
{"timestamp":"2024-11-25 00:38:33","thread":"main","level":"DEBUG","logger":"org.springframework.beans.factory.support.DefaultListableBeanFactory","message":"Creating shared instance of singleton bean 'org.springframework.context.annotation.internalPersistenceAnnotationProcessor'","serviceName":"tecnos-service"}
{"timestamp":"2024-11-25 00:38:33","thread":"main","level":"DEBUG","logger":"org.springframework.beans.factory.support.DefaultListableBeanFactory","message":"Creating shared instance of singleton bean 'org.springframework.boot.context.properties.ConfigurationPropertiesBindingPostProcessor'","serviceName":"tecnos-service"}
{"timestamp":"2024-11-25 00:38:33","thread":"main","level":"DEBUG","logger":"org.springframework.beans.factory.support.DefaultListableBeanFactory","message":"Creating shared instance of singleton bean 'org.springframework.boot.context.internalConfigurationPropertiesBinder'","serviceName":"tecnos-service"}
{"timestamp":"2024-11-25 00:38:33","thread":"main","level":"DEBUG","logger":"org.springframework.beans.factory.support.DefaultListableBeanFactory","message":"Creating shared instance of singleton bean 'jdbcConnectionDetailsHikariBeanPostProcessor'","serviceName":"tecnos-service"}
{"timestamp":"2024-11-25 00:38:33","thread":"main","level":"DEBUG","logger":"org.springframework.beans.factory.support.DefaultListableBeanFactory","message":"Creating shared instance of singleton bean 'org.springframework.aop.config.internalAutoProxyCreator'","serviceName":"tecnos-service"}
{"timestamp":"2024-11-25 00:38:33","thread":"main","level":"DEBUG","logger":"org.springframework.beans.factory.support.DefaultListableBeanFactory","message":"Creating shared instance of singleton bean 'methodValidationPostProcessor'","serviceName":"tecnos-service"}
{"timestamp":"2024-11-25 00:38:33","thread":"main","level":"DEBUG","logger":"org.springframework.cloud.openfeign.FeignClientFactoryBean","message":"Creating a FeignClientFactoryBean.","serviceName":"tecnos-service"}
{"timestamp":"2024-11-25 00:38:33","thread":"main","level":"DEBUG","logger":"org.springframework.beans.factory.support.DefaultListableBeanFactory","message":"Creating shared instance of singleton bean 'com.example.tecnosserver.intercom.CloudService'","serviceName":"tecnos-service"}
{"timestamp":"2024-11-25 00:38:33","thread":"main","level":"INFO","logger":"org.springframework.context.support.PostProcessorRegistrationDelegate$BeanPostProcessorChecker","message":"Bean 'com.example.tecnosserver.intercom.CloudService' of type [org.springframework.cloud.openfeign.FeignClientFactoryBean] is not eligible for getting processed by all BeanPostProcessors (for example: not eligible for auto-proxying)","serviceName":"tecnos-service"}
{"timestamp":"2024-11-25 00:38:33","thread":"main","level":"DEBUG","logger":"org.springframework.beans.factory.support.DefaultListableBeanFactory","message":"Autowiring by type from bean name 'methodValidationPostProcessor' via factory method to bean named 'environment'","serviceName":"tecnos-service"}
{"timestamp":"2024-11-25 00:38:33","thread":"main","level":"DEBUG","logger":"org.springframework.beans.factory.support.DefaultListableBeanFactory","message":"Creating shared instance of singleton bean 'org.springframework.boot.context.properties.EnableConfigurationPropertiesRegistrar.methodValidationExcludeFilter'","serviceName":"tecnos-service"}
{"timestamp":"2024-11-25 00:38:33","thread":"main","level":"DEBUG","logger":"org.springframework.beans.factory.support.DefaultListableBeanFactory","message":"Creating shared instance of singleton bean 'persistenceExceptionTranslationPostProcessor'","serviceName":"tecnos-service"}
{"timestamp":"2024-11-25 00:38:33","thread":"main","level":"DEBUG","logger":"org.springframework.beans.factory.support.DefaultListableBeanFactory","message":"Autowiring by type from bean name 'persistenceExceptionTranslationPostProcessor' via factory method to bean named 'environment'","serviceName":"tecnos-service"}
{"timestamp":"2024-11-25 00:38:33","thread":"main","level":"DEBUG","logger":"org.springframework.beans.factory.support.DefaultListableBeanFactory","message":"Creating shared instance of singleton bean 'webServerFactoryCustomizerBeanPostProcessor'","serviceName":"tecnos-service"}
{"timestamp":"2024-11-25 00:38:33","thread":"main","level":"DEBUG","logger":"org.springframework.beans.factory.support.DefaultListableBeanFactory","message":"Creating shared instance of singleton bean 'errorPageRegistrarBeanPostProcessor'","serviceName":"tecnos-service"}
{"timestamp":"2024-11-25 00:38:33","thread":"main","level":"DEBUG","logger":"org.springframework.beans.factory.support.DefaultListableBeanFactory","message":"Creating shared instance of singleton bean 'healthEndpointGroupsBeanPostProcessor'","serviceName":"tecnos-service"}
{"timestamp":"2024-11-25 00:38:33","thread":"main","level":"DEBUG","logger":"org.springframework.beans.factory.support.DefaultListableBeanFactory","message":"Creating shared instance of singleton bean 'preFilterAuthorizationAdvisor'","serviceName":"tecnos-service"}
{"timestamp":"2024-11-25 00:38:33","thread":"main","level":"DEBUG","logger":"org.springframework.beans.factory.support.DefaultListableBeanFactory","message":"Autowiring by type from bean name 'preFilterAuthorizationAdvisor' via factory method to bean named 'org.springframework.web.context.support.GenericWebApplicationContext@75fa1be3'","serviceName":"tecnos-service"}
{"timestamp":"2024-11-25 00:38:33","thread":"main","level":"DEBUG","logger":"org.springframework.beans.factory.support.DefaultListableBeanFactory","message":"Creating shared instance of singleton bean 'preAuthorizeAuthorizationAdvisor'","serviceName":"tecnos-service"}
{"timestamp":"2024-11-25 00:38:33","thread":"main","level":"DEBUG","logger":"org.springframework.beans.factory.support.DefaultListableBeanFactory","message":"Autowiring by type from bean name 'preAuthorizeAuthorizationAdvisor' via factory method to bean named 'org.springframework.web.context.support.GenericWebApplicationContext@75fa1be3'","serviceName":"tecnos-service"}
{"timestamp":"2024-11-25 00:38:33","thread":"main","level":"DEBUG","logger":"org.springframework.beans.factory.support.DefaultListableBeanFactory","message":"Creating shared instance of singleton bean 'postFilterAuthorizationAdvisor'","serviceName":"tecnos-service"}
{"timestamp":"2024-11-25 00:38:33","thread":"main","level":"DEBUG","logger":"org.springframework.beans.factory.support.DefaultListableBeanFactory","message":"Autowiring by type from bean name 'postFilterAuthorizationAdvisor' via factory method to bean named 'org.springframework.web.context.support.GenericWebApplicationContext@75fa1be3'","serviceName":"tecnos-service"}
{"timestamp":"2024-11-25 00:38:33","thread":"main","level":"DEBUG","logger":"org.springframework.beans.factory.support.DefaultListableBeanFactory","message":"Creating shared instance of singleton bean 'postAuthorizeAuthorizationAdvisor'","serviceName":"tecnos-service"}
{"timestamp":"2024-11-25 00:38:33","thread":"main","level":"DEBUG","logger":"org.springframework.beans.factory.support.DefaultListableBeanFactory","message":"Autowiring by type from bean name 'postAuthorizeAuthorizationAdvisor' via factory method to bean named 'org.springframework.web.context.support.GenericWebApplicationContext@75fa1be3'","serviceName":"tecnos-service"}
{"timestamp":"2024-11-25 00:38:33","thread":"main","level":"DEBUG","logger":"org.springframework.beans.factory.support.DefaultListableBeanFactory","message":"Creating shared instance of singleton bean 'org.springframework.transaction.config.internalTransactionAdvisor'","serviceName":"tecnos-service"}
{"timestamp":"2024-11-25 00:38:33","thread":"main","level":"DEBUG","logger":"org.springframework.beans.factory.support.DefaultListableBeanFactory","message":"Creating shared instance of singleton bean 'org.springframework.transaction.annotation.ProxyTransactionManagementConfiguration'","serviceName":"tecnos-service"}
{"timestamp":"2024-11-25 00:38:33","thread":"main","level":"DEBUG","logger":"org.springframework.beans.factory.support.DefaultListableBeanFactory","message":"Creating shared instance of singleton bean 'transactionAttributeSource'","serviceName":"tecnos-service"}
{"timestamp":"2024-11-25 00:38:33","thread":"main","level":"DEBUG","logger":"org.springframework.beans.factory.support.DefaultListableBeanFactory","message":"Creating shared instance of singleton bean 'transactionInterceptor'","serviceName":"tecnos-service"}
{"timestamp":"2024-11-25 00:38:33","thread":"main","level":"DEBUG","logger":"org.springframework.beans.factory.support.DefaultListableBeanFactory","message":"Autowiring by type from bean name 'transactionInterceptor' via factory method to bean named 'transactionAttributeSource'","serviceName":"tecnos-service"}
{"timestamp":"2024-11-25 00:38:33","thread":"main","level":"DEBUG","logger":"org.springframework.beans.factory.support.DefaultListableBeanFactory","message":"Autowiring by type from bean name 'org.springframework.transaction.config.internalTransactionAdvisor' via factory method to bean named 'transactionAttributeSource'","serviceName":"tecnos-service"}
{"timestamp":"2024-11-25 00:38:33","thread":"main","level":"DEBUG","logger":"org.springframework.beans.factory.support.DefaultListableBeanFactory","message":"Autowiring by type from bean name 'org.springframework.transaction.config.internalTransactionAdvisor' via factory method to bean named 'transactionInterceptor'","serviceName":"tecnos-service"}
{"timestamp":"2024-11-25 00:38:33","thread":"main","level":"DEBUG","logger":"org.springframework.beans.factory.support.DefaultListableBeanFactory","message":"Creating shared instance of singleton bean 'meterRegistryPostProcessor'","serviceName":"tecnos-service"}
{"timestamp":"2024-11-25 00:38:33","thread":"main","level":"DEBUG","logger":"org.springframework.beans.factory.support.DefaultListableBeanFactory","message":"Autowiring by type from bean name 'meterRegistryPostProcessor' via factory method to bean named 'org.springframework.web.context.support.GenericWebApplicationContext@75fa1be3'","serviceName":"tecnos-service"}
{"timestamp":"2024-11-25 00:38:33","thread":"main","level":"DEBUG","logger":"org.springframework.beans.factory.support.DefaultListableBeanFactory","message":"Creating shared instance of singleton bean 'metricsRepositoryMethodInvocationListenerBeanPostProcessor'","serviceName":"tecnos-service"}
{"timestamp":"2024-11-25 00:38:33","thread":"main","level":"DEBUG","logger":"org.springframework.beans.factory.support.DefaultListableBeanFactory","message":"Creating shared instance of singleton bean 'observationRegistryPostProcessor'","serviceName":"tecnos-service"}
{"timestamp":"2024-11-25 00:38:33","thread":"main","level":"DEBUG","logger":"org.springframework.beans.factory.support.DefaultListableBeanFactory","message":"Creating shared instance of singleton bean 'projectingArgumentResolverBeanPostProcessor'","serviceName":"tecnos-service"}
{"timestamp":"2024-11-25 00:38:33","thread":"main","level":"DEBUG","logger":"org.springframework.beans.factory.support.DefaultListableBeanFactory","message":"Creating shared instance of singleton bean 'configurationPropertiesBeans'","serviceName":"tecnos-service"}
{"timestamp":"2024-11-25 00:38:33","thread":"main","level":"DEBUG","logger":"org.springframework.ui.context.support.UiApplicationContextUtils","message":"Unable to locate ThemeSource with name 'themeSource': using default [org.springframework.ui.context.support.ResourceBundleThemeSource@78bad03b]","serviceName":"tecnos-service"}
{"timestamp":"2024-11-25 00:38:33","thread":"main","level":"DEBUG","logger":"org.springframework.beans.factory.support.DefaultListableBeanFactory","message":"Creating shared instance of singleton bean 'dataSourceScriptDatabaseInitializer'","serviceName":"tecnos-service"}
{"timestamp":"2024-11-25 00:38:33","thread":"main","level":"DEBUG","logger":"org.springframework.beans.factory.support.DefaultListableBeanFactory","message":"Creating shared instance of singleton bean 'org.springframework.boot.autoconfigure.sql.init.DataSourceInitializationConfiguration'","serviceName":"tecnos-service"}
{"timestamp":"2024-11-25 00:38:33","thread":"main","level":"DEBUG","logger":"org.springframework.beans.factory.support.DefaultListableBeanFactory","message":"Creating shared instance of singleton bean 'dataSource'","serviceName":"tecnos-service"}
{"timestamp":"2024-11-25 00:38:33","thread":"main","level":"DEBUG","logger":"org.springframework.beans.factory.support.DefaultListableBeanFactory","message":"Creating shared instance of singleton bean 'org.springframework.boot.autoconfigure.jdbc.DataSourceConfiguration$Hikari'","serviceName":"tecnos-service"}
{"timestamp":"2024-11-25 00:38:33","thread":"main","level":"DEBUG","logger":"org.springframework.beans.factory.support.DefaultListableBeanFactory","message":"Creating shared instance of singleton bean 'spring.datasource-org.springframework.boot.autoconfigure.jdbc.DataSourceProperties'","serviceName":"tecnos-service"}
[...]
:\r\n      Did not match:\r\n         - @ConditionalOnClass did not find required class 'io.micrometer.stackdriver.StackdriverMeterRegistry' (OnClassCondition)\r\n\r\n   StartupEndpointAutoConfiguration:\r\n      Did not match:\r\n         - ApplicationStartup configured applicationStartup is of type class org.springframework.core.metrics.DefaultApplicationStartup, expected BufferingApplicationStartup. (StartupEndpointAutoConfiguration.ApplicationStartupCondition)\r\n\r\n   StatsdMetricsExportAutoConfiguration:\r\n      Did not match:\r\n         - @ConditionalOnClass did not find required class 'io.micrometer.statsd.StatsdMeterRegistry' (OnClassCondition)\r\n\r\n   SwaggerConfig#springWebProvider:\r\n      Did not match:\r\n         - @ConditionalOnMissingBean (types: org.springdoc.core.providers.SpringWebProvider; SearchStrategy: all) found beans of type 'org.springdoc.core.providers.SpringWebProvider' springWebProvider (OnBeanCondition)\r\n\r\n   SwaggerConfig#swaggerUiConfigParameters:\r\n      Did not match:\r\n         - @ConditionalOnMissingBean (types: org.springdoc.core.properties.SwaggerUiConfigParameters; SearchStrategy: all) found beans of type 'org.springdoc.core.properties.SwaggerUiConfigParameters' org.springdoc.core.properties.SwaggerUiConfigParameters (OnBeanCondition)\r\n\r\n   SwaggerConfig#swaggerUiHome:\r\n      Did not match:\r\n         - @ConditionalOnProperty (springdoc.swagger-ui.use-root-path=true) did not find property 'springdoc.swagger-ui.use-root-path' (OnPropertyCondition)\r\n\r\n   SwaggerConfig.SwaggerActuatorWelcomeConfiguration:\r\n      Did not match:\r\n         - @ConditionalOnProperty (springdoc.use-management-port) did not find property 'springdoc.use-management-port' (OnPropertyCondition)\r\n      Matched:\r\n         - @ConditionalOnClass found required class 'org.springframework.boot.actuate.endpoint.web.servlet.WebMvcEndpointHandlerMapping' (OnClassCondition)\r\n\r\n   TaskSchedulingAutoConfiguration#scheduledBeanLazyInitializationExcludeFilter:\r\n      Did not match:\r\n         - @ConditionalOnBean (names: org.springframework.context.annotation.internalScheduledAnnotationProcessor; SearchStrategy: all) did not find any beans named org.springframework.context.annotation.internalScheduledAnnotationProcessor (OnBeanCondition)\r\n\r\n   TaskSchedulingAutoConfiguration#taskScheduler:\r\n      Did not match:\r\n         - @ConditionalOnBean (names: org.springframework.context.annotation.internalScheduledAnnotationProcessor; SearchStrategy: all) did not find any beans named org.springframework.context.annotation.internalScheduledAnnotationProcessor (OnBeanCondition)\r\n\r\n   ThreadDumpEndpointAutoConfiguration:\r\n      Did not match:\r\n         - @ConditionalOnAvailableEndpoint no 'management.endpoints' property marked it as exposed (OnAvailableEndpointCondition)\r\n\r\n   ThymeleafAutoConfiguration:\r\n      Did not match:\r\n         - @ConditionalOnClass did not find required class 'org.thymeleaf.spring6.SpringTemplateEngine' (OnClassCondition)\r\n\r\n   TransactionAutoConfiguration#transactionalOperator:\r\n      Did not match:\r\n         - @ConditionalOnSingleCandidate (types: org.springframework.transaction.ReactiveTransactionManager; SearchStrategy: all) did not find any beans (OnBeanCondition)\r\n\r\n   TransactionAutoConfiguration.EnableTransactionManagementConfiguration.JdkDynamicAutoProxyConfiguration:\r\n      Did not match:\r\n         - @ConditionalOnProperty (spring.aop.proxy-target-class=false) did not find property 'proxy-target-class' (OnPropertyCondition)\r\n\r\n   UserDetailsServiceAutoConfiguration:\r\n      Did not match:\r\n         - @ConditionalOnMissingBean (types: org.springframework.security.authentication.AuthenticationManager,org.springframework.security.authentication.AuthenticationProvider,org.springframework.security.core.userdetails.UserDetailsService,org.springframework.security.authentication.AuthenticationManagerResolver,org.springframework.security.oauth2.jwt.JwtDecoder,org.springframework.security.oauth2.server.resource.introspection.OpaqueTokenIntrospector,org.springframework.security.oauth2.client.registration.ClientRegistrationRepository,org.springframework.security.saml2.provider.service.registration.RelyingPartyRegistrationRepository; SearchStrategy: all) found beans of type 'org.springframework.security.authentication.AuthenticationManager' authenticationManager and found beans of type 'org.springframework.security.core.userdetails.UserDetailsService' userDetailsImpl (OnBeanCondition)\r\n      Matched:\r\n         - @ConditionalOnClass found required class 'org.springframework.security.authentication.AuthenticationManager' (OnClassCondition)\r\n\r\n   WavefrontAutoConfiguration:\r\n      Did not match:\r\n         - @ConditionalOnClass did not find required class 'com.wavefront.sdk.common.application.ApplicationTags' (OnClassCondition)\r\n\r\n   WavefrontMetricsExportAutoConfiguration:\r\n      Did not match:\r\n         - @ConditionalOnClass did not find required class 'com.wavefront.sdk.common.WavefrontSender' (OnClassCondition)\r\n\r\n   WavefrontTracingAutoConfiguration:\r\n      Did not match:\r\n         - @ConditionalOnClass did not find required class 'com.wavefront.sdk.common.WavefrontSender' (OnClassCondition)\r\n\r\n   WebClientAutoConfiguration:\r\n      Did not match:\r\n         - @ConditionalOnClass did not find required class 'org.springframework.web.reactive.function.client.WebClient' (OnClassCondition)\r\n\r\n   WebClientObservationConfiguration:\r\n      Did not match:\r\n         - @ConditionalOnClass did not find required class 'org.springframework.web.reactive.function.client.WebClient' (OnClassCondition)\r\n\r\n   WebFluxAutoConfiguration:\r\n      Did not match:\r\n         - @ConditionalOnClass did not find required class 'org.springframework.web.reactive.config.WebFluxConfigurer' (OnClassCondition)\r\n\r\n   WebFluxEndpointManagementContextConfiguration:\r\n      Did not match:\r\n         - @ConditionalOnClass did not find required class 'org.springframework.web.reactive.DispatcherHandler' (OnClassCondition)\r\n\r\n   WebFluxObservationAutoConfiguration:\r\n      Did not match:\r\n         - @ConditionalOnWebApplication did not find reactive web application classes (OnWebApplicationCondition)\r\n\r\n   WebMvcAutoConfiguration#hiddenHttpMethodFilter:\r\n      Did not match:\r\n         - @ConditionalOnProperty (spring.mvc.hiddenmethod.filter.enabled) did not find property 'enabled' (OnPropertyCondition)\r\n\r\n   WebMvcAutoConfiguration.ProblemDetailsErrorHandlingConfiguration:\r\n      Did not match:\r\n         - @ConditionalOnProperty (spring.mvc.problemdetails.enabled=true) did not find property 'enabled' (OnPropertyCondition)\r\n\r\n   WebMvcAutoConfiguration.ResourceChainCustomizerConfiguration:\r\n      Did not match:\r\n         - @ConditionalOnEnabledResourceChain did not find class org.webjars.WebJarAssetLocator (OnEnabledResourceChainCondition)\r\n\r\n   WebMvcAutoConfiguration.WebMvcAutoConfigurationAdapter#beanNameViewResolver:\r\n      Did not match:\r\n         - @ConditionalOnMissingBean (types: org.springframework.web.servlet.view.BeanNameViewResolver; SearchStrategy: all) found beans of type 'org.springframework.web.servlet.view.BeanNameViewResolver' beanNameViewResolver (OnBeanCondition)\r\n\r\n   WebMvcEndpointManagementContextConfiguration#managementHealthEndpointWebMvcHandlerMapping:\r\n      Did not match:\r\n         - Management Port actual port type (SAME) did not match required type (DIFFERENT) (OnManagementPortCondition)\r\n\r\n   WebServiceTemplateAutoConfiguration:\r\n      Did not match:\r\n         - @ConditionalOnClass did not find required class 'org.springframework.oxm.Marshaller' (OnClassCondition)\r\n\r\n   WebServicesAutoConfiguration:\r\n      Did not match:\r\n         - @ConditionalOnClass did not find required class 'org.springframework.ws.transport.http.MessageDispatcherServlet' (OnClassCondition)\r\n\r\n   WebSessionIdResolverAutoConfiguration:\r\n      Did not match:\r\n         - @ConditionalOnClass did not find required class 'reactor.core.publisher.Mono' (OnClassCondition)\r\n\r\n   WebSocketMessagingAutoConfiguration:\r\n      Did not match:\r\n         - @ConditionalOnClass did not find required class 'org.springframework.web.socket.config.annotation.WebSocketMessageBrokerConfigurer' (OnClassCondition)\r\n\r\n   WebSocketReactiveAutoConfiguration:\r\n      Did not match:\r\n         - @ConditionalOnWebApplication did not find reactive web application classes (OnWebApplicationCondition)\r\n\r\n   WebSocketServletAutoConfiguration.JettyWebSocketConfiguration:\r\n      Did not match:\r\n         - @ConditionalOnClass did not find required class 'org.eclipse.jetty.websocket.jakarta.server.config.JakartaWebSocketServletContainerInitializer' (OnClassCondition)\r\n\r\n   WebSocketServletAutoConfiguration.UndertowWebSocketConfiguration:\r\n      Did not match:\r\n         - @ConditionalOnClass did not find required class 'io.undertow.websockets.jsr.Bootstrap' (OnClassCondition)\r\n\r\n   WritableEnvironmentEndpointAutoConfiguration:\r\n      Did not match:\r\n         - @ConditionalOnProperty (management.endpoint.env.post.enabled) did not find property 'management.endpoint.env.post.enabled' (OnPropertyCondition)\r\n      Matched:\r\n         - @ConditionalOnClass found required classes 'org.springframework.boot.actuate.env.EnvironmentEndpoint', 'org.springframework.boot.actuate.autoconfigure.env.EnvironmentEndpointProperties' (OnClassCondition)\r\n\r\n   XADataSourceAutoConfiguration:\r\n      Did not match:\r\n         - @ConditionalOnBean (types: org.springframework.boot.jdbc.XADataSourceWrapper; SearchStrategy: all) did not find any beans of type org.springframework.boot.jdbc.XADataSourceWrapper (OnBeanCondition)\r\n      Matched:\r\n         - @ConditionalOnClass found required classes 'javax.sql.DataSource', 'jakarta.transaction.TransactionManager', 'org.springframework.jdbc.datasource.embedded.EmbeddedDatabaseType' (OnClassCondition)\r\n\r\n   ZipkinAutoConfiguration:\r\n      Did not match:\r\n         - @ConditionalOnProperty (management.tracing.enabled) found different value in property 'enabled' (OnPropertyCondition)\r\n      Matched:\r\n         - @ConditionalOnClass found required class 'zipkin2.reporter.Sender' (OnClassCondition)\r\n\r\n\r\nExclusions:\r\n-----------\r\n\r\n    None\r\n\r\n\r\nUnconditional classes:\r\n----------------------\r\n\r\n    org.springframework.boot.autoconfigure.context.ConfigurationPropertiesAutoConfiguration\r\n\r\n    org.springframework.cloud.client.ReactiveCommonsClientAutoConfiguration\r\n\r\n    org.springframework.boot.actuate.autoconfigure.availability.AvailabilityHealthContributorAutoConfiguration\r\n\r\n    org.springframework.boot.autoconfigure.ssl.SslAutoConfiguration\r\n\r\n    org.springframework.boot.actuate.autoconfigure.info.InfoContributorAutoConfiguration\r\n\r\n    org.springframework.cloud.client.discovery.simple.SimpleDiscoveryClientAutoConfiguration\r\n\r\n    org.springframework.boot.autoconfigure.context.PropertyPlaceholderAutoConfiguration\r\n\r\n    org.springframework.boot.autoconfigure.context.LifecycleAutoConfiguration\r\n\r\n    org.springframework.cloud.client.CommonsClientAutoConfiguration\r\n\r\n    org.springframework.boot.actuate.autoconfigure.metrics.integration.IntegrationMetricsAutoConfiguration\r\n\r\n    org.springframework.boot.actuate.autoconfigure.endpoint.EndpointAutoConfiguration\r\n\r\n    org.springframework.cloud.commons.config.CommonsConfigAutoConfiguration\r\n\r\n    org.springframework.boot.actuate.autoconfigure.web.server.ManagementContextAutoConfiguration\r\n\r\n    org.springframework.cloud.client.loadbalancer.LoadBalancerDefaultMappingsProviderAutoConfiguration\r\n\r\n    org.springframework.cloud.client.discovery.composite.CompositeDiscoveryClientAutoConfiguration\r\n\r\n    org.springframework.boot.actuate.autoconfigure.health.HealthContributorAutoConfiguration\r\n\r\n    org.springframework.cloud.client.serviceregistry.ServiceRegistryAutoConfiguration\r\n\r\n    org.springframework.cloud.autoconfigure.LifecycleMvcEndpointAutoConfiguration\r\n\r\n    org.springframework.boot.actuate.autoconfigure.endpoint.jackson.JacksonEndpointAutoConfiguration\r\n\r\n    org.springframework.boot.autoconfigure.availability.ApplicationAvailabilityAutoConfiguration\r\n\r\n    org.springframework.boot.autoconfigure.info.ProjectInfoAutoConfiguration\r\n\r\n\r\n","serviceName":"tecnos-service"}
{"timestamp":"2024-11-25 00:38:39","thread":"main","level":"INFO","logger":"com.example.tecnosserver.TecnosServerApplicationTests","message":"Started TecnosServerApplicationTests in 7.866 seconds (process running for 8.603)","serviceName":"tecnos-service"}
{"timestamp":"2024-11-25 00:38:39","thread":"main","level":"DEBUG","logger":"org.springframework.boot.availability.ApplicationAvailabilityBean","message":"Application availability state LivenessState changed to CORRECT","serviceName":"tecnos-service"}
{"timestamp":"2024-11-25 00:38:39","thread":"main","level":"DEBUG","logger":"org.springframework.boot.availability.ApplicationAvailabilityBean","message":"Application availability state ReadinessState changed to ACCEPTING_TRAFFIC","serviceName":"tecnos-service"}
{"timestamp":"2024-11-25 00:38:39","thread":"main","level":"DEBUG","logger":"org.springframework.test.context.cache","message":"Spring test ApplicationContext cache statistics: [DefaultContextCache@262d72a size = 1, maxSize = 32, parentContextCount = 0, hitCount = 0, missCount = 1]","serviceName":"tecnos-service"}
{"timestamp":"2024-11-25 00:38:39","thread":"main","level":"DEBUG","logger":"org.springframework.test.context.web.ServletTestExecutionListener","message":"Setting up MockHttpServletRequest, MockHttpServletResponse, ServletWebRequest, and RequestContextHolder for test class com.example.tecnosserver.TecnosServerApplicationTests","serviceName":"tecnos-service"}
{"timestamp":"2024-11-25 00:38:39","thread":"main","level":"DEBUG","logger":"org.springframework.test.context.support.DependencyInjectionTestExecutionListener","message":"Performing dependency injection for test class com.example.tecnosserver.TecnosServerApplicationTests","serviceName":"tecnos-service"}
{"timestamp":"2024-11-25 00:38:39","thread":"main","level":"DEBUG","logger":"org.springframework.test.context.cache","message":"Spring test ApplicationContext cache statistics: [DefaultContextCache@262d72a size = 1, maxSize = 32, parentContextCount = 0, hitCount = 1, missCount = 1]","serviceName":"tecnos-service"}
{"timestamp":"2024-11-25 00:38:39","thread":"main","level":"DEBUG","logger":"org.springframework.test.context.cache","message":"Spring test ApplicationContext cache statistics: [DefaultContextCache@262d72a size = 1, maxSize = 32, parentContextCount = 0, hitCount = 2, missCount = 1]","serviceName":"tecnos-service"}
{"timestamp":"2024-11-25 00:38:39","thread":"main","level":"DEBUG","logger":"org.springframework.test.context.support.DirtiesContextBeforeModesTestExecutionListener","message":"Before test method: class [TecnosServerApplicationTests], method [contextLoads], class annotated with @DirtiesContext [false] with mode [null], method annotated with @DirtiesContext [false] with mode [null]","serviceName":"tecnos-service"}
{"timestamp":"2024-11-25 00:38:39","thread":"main","level":"DEBUG","logger":"org.springframework.test.context.cache","message":"Spring test ApplicationContext cache statistics: [DefaultContextCache@262d72a size = 1, maxSize = 32, parentContextCount = 0, hitCount = 3, missCount = 1]","serviceName":"tecnos-service"}
{"timestamp":"2024-11-25 00:38:39","thread":"main","level":"DEBUG","logger":"org.springframework.test.context.observation.MicrometerObservationRegistryTestExecutionListener","message":"Registering ObservationRegistry from ApplicationContext in ObservationThreadLocalAccessor for test class com.example.tecnosserver.TecnosServerApplicationTests","serviceName":"tecnos-service"}
{"timestamp":"2024-11-25 00:38:39","thread":"main","level":"DEBUG","logger":"org.springframework.test.context.cache","message":"Spring test ApplicationContext cache statistics: [DefaultContextCache@262d72a size = 1, maxSize = 32, parentContextCount = 0, hitCount = 4, missCount = 1]","serviceName":"tecnos-service"}
{"timestamp":"2024-11-25 00:38:39","thread":"main","level":"DEBUG","logger":"org.springframework.test.context.cache","message":"Spring test ApplicationContext cache statistics: [DefaultContextCache@262d72a size = 1, maxSize = 32, parentContextCount = 0, hitCount = 5, missCount = 1]","serviceName":"tecnos-service"}
{"timestamp":"2024-11-25 00:38:39","thread":"main","level":"DEBUG","logger":"org.springframework.test.context.cache","message":"Spring test ApplicationContext cache statistics: [DefaultContextCache@262d72a size = 1, maxSize = 32, parentContextCount = 0, hitCount = 6, missCount = 1]","serviceName":"tecnos-service"}
{"timestamp":"2024-11-25 00:38:39","thread":"main","level":"DEBUG","logger":"org.springframework.test.context.cache","message":"Spring test ApplicationContext cache statistics: [DefaultContextCache@262d72a size = 1, maxSize = 32, parentContextCount = 0, hitCount = 7, missCount = 1]","serviceName":"tecnos-service"}
{"timestamp":"2024-11-25 00:38:39","thread":"main","level":"DEBUG","logger":"org.springframework.test.context.cache","message":"Spring test ApplicationContext cache statistics: [DefaultContextCache@262d72a size = 1, maxSize = 32, parentContextCount = 0, hitCount = 8, missCount = 1]","serviceName":"tecnos-service"}
{"timestamp":"2024-11-25 00:38:39","thread":"main","level":"DEBUG","logger":"org.springframework.test.context.cache","message":"Spring test ApplicationContext cache statistics: [DefaultContextCache@262d72a size = 1, maxSize = 32, parentContextCount = 0, hitCount = 9, missCount = 1]","serviceName":"tecnos-service"}
{"timestamp":"2024-11-25 00:38:39","thread":"main","level":"DEBUG","logger":"org.springframework.test.context.cache","message":"Spring test ApplicationContext cache statistics: [DefaultContextCache@262d72a size = 1, maxSize = 32, parentContextCount = 0, hitCount = 10, missCount = 1]","serviceName":"tecnos-service"}
{"timestamp":"2024-11-25 00:38:39","thread":"main","level":"DEBUG","logger":"org.springframework.test.context.cache","message":"Spring test ApplicationContext cache statistics: [DefaultContextCache@262d72a size = 1, maxSize = 32, parentContextCount = 0, hitCount = 11, missCount = 1]","serviceName":"tecnos-service"}
{"timestamp":"2024-11-25 00:38:39","thread":"main","level":"DEBUG","logger":"org.springframework.test.context.cache","message":"Spring test ApplicationContext cache statistics: [DefaultContextCache@262d72a size = 1, maxSize = 32, parentContextCount = 0, hitCount = 12, missCount = 1]","serviceName":"tecnos-service"}
{"timestamp":"2024-11-25 00:38:39","thread":"main","level":"DEBUG","logger":"org.springframework.test.context.support.DirtiesContextTestExecutionListener","message":"After test method: class [TecnosServerApplicationTests], method [contextLoads], class annotated with @DirtiesContext [false] with mode [null], method annotated with @DirtiesContext [false] with mode [null]","serviceName":"tecnos-service"}
{"timestamp":"2024-11-25 00:38:39","thread":"main","level":"DEBUG","logger":"org.springframework.test.context.observation.MicrometerObservationRegistryTestExecutionListener","message":"Restoring ObservationRegistry in ObservationThreadLocalAccessor for test class com.example.tecnosserver.TecnosServerApplicationTests","serviceName":"tecnos-service"}
{"timestamp":"2024-11-25 00:38:39","thread":"main","level":"DEBUG","logger":"org.springframework.test.context.web.ServletTestExecutionListener","message":"Resetting RequestContextHolder for test class com.example.tecnosserver.TecnosServerApplicationTests","serviceName":"tecnos-service"}
]]></system-out>
  </testcase>
</testsuite>